<?xml version="1.0" encoding="UTF-8"?>
<coverage generated="1777975956577" clover="3.2.0">
  <project timestamp="1777975956577" name="All files">
    <metrics statements="232" coveredstatements="102" conditionals="257" coveredconditionals="75" methods="55" coveredmethods="21" elements="544" coveredelements="198" complexity="0" loc="232" ncloc="232" packages="1" files="1" classes="1"/>
    <file name="eye.js" path="H:\coupons\githubs\eye\tracker\src\eye.js">
      <metrics statements="232" coveredstatements="102" conditionals="257" coveredconditionals="75" methods="55" coveredmethods="21"/>
      <line num="6" count="27" type="stmt"/>
      <line num="10" count="27" type="stmt"/>
      <line num="11" count="27" type="cond" truecount="2" falsecount="1"/>
      <line num="12" count="27" type="cond" truecount="2" falsecount="0"/>
      <line num="14" count="26" type="cond" truecount="2" falsecount="2"/>
      <line num="15" count="26" type="cond" truecount="1" falsecount="1"/>
      <line num="18" count="26" type="cond" truecount="5" falsecount="1"/>
      <line num="22" count="122" type="cond" truecount="2" falsecount="0"/>
      <line num="23" count="122" type="cond" truecount="2" falsecount="0"/>
      <line num="26" count="4" type="stmt"/>
      <line num="30" count="24" type="cond" truecount="2" falsecount="2"/>
      <line num="31" count="24" type="cond" truecount="4" falsecount="0"/>
      <line num="34" count="65" type="stmt"/>
      <line num="35" count="66" type="stmt"/>
      <line num="39" count="42" type="cond" truecount="3" falsecount="1"/>
      <line num="40" count="42" type="stmt"/>
      <line num="41" count="1302" type="stmt"/>
      <line num="42" count="1302" type="cond" truecount="2" falsecount="0"/>
      <line num="47" count="22" type="stmt"/>
      <line num="51" count="22" type="stmt"/>
      <line num="52" count="22" type="cond" truecount="2" falsecount="0"/>
      <line num="53" count="22" type="cond" truecount="2" falsecount="0"/>
      <line num="54" count="22" type="cond" truecount="4" falsecount="0"/>
      <line num="55" count="22" type="stmt"/>
      <line num="56" count="22" type="stmt"/>
      <line num="60" count="22" type="stmt"/>
      <line num="64" count="14" type="cond" truecount="2" falsecount="0"/>
      <line num="65" count="11" type="stmt"/>
      <line num="66" count="11" type="stmt"/>
      <line num="67" count="11" type="stmt"/>
      <line num="68" count="11" type="cond" truecount="1" falsecount="1"/>
      <line num="69" count="11" type="stmt"/>
      <line num="70" count="11" type="stmt"/>
      <line num="71" count="11" type="stmt"/>
      <line num="74" count="0" type="cond" truecount="0" falsecount="2"/>
      <line num="75" count="0" type="stmt"/>
      <line num="77" count="0" type="stmt"/>
      <line num="78" count="0" type="stmt"/>
      <line num="79" count="0" type="stmt"/>
      <line num="80" count="0" type="stmt"/>
      <line num="85" count="38" type="cond" truecount="4" falsecount="0"/>
      <line num="86" count="37" type="cond" truecount="1" falsecount="1"/>
      <line num="87" count="37" type="stmt"/>
      <line num="96" count="37" type="cond" truecount="2" falsecount="0"/>
      <line num="97" count="15" type="stmt"/>
      <line num="98" count="30" type="cond" truecount="1" falsecount="1"/>
      <line num="101" count="37" type="stmt"/>
      <line num="102" count="37" type="cond" truecount="2" falsecount="0"/>
      <line num="106" count="22" type="stmt"/>
      <line num="110" count="22" type="stmt"/>
      <line num="111" count="22" type="cond" truecount="1" falsecount="1"/>
      <line num="112" count="22" type="stmt"/>
      <line num="113" count="22" type="stmt"/>
      <line num="114" count="22" type="stmt"/>
      <line num="115" count="22" type="stmt"/>
      <line num="116" count="22" type="stmt"/>
      <line num="119" count="22" type="stmt"/>
      <line num="120" count="22" type="cond" truecount="1" falsecount="1"/>
      <line num="121" count="22" type="stmt"/>
      <line num="122" count="22" type="stmt"/>
      <line num="123" count="110" type="stmt"/>
      <line num="124" count="110" type="cond" truecount="1" falsecount="1"/>
      <line num="130" count="22" type="cond" truecount="1" falsecount="1"/>
      <line num="131" count="22" type="stmt"/>
      <line num="136" count="0" type="cond" truecount="0" falsecount="4"/>
      <line num="137" count="0" type="cond" truecount="0" falsecount="2"/>
      <line num="138" count="0" type="stmt"/>
      <line num="139" count="0" type="cond" truecount="0" falsecount="2"/>
      <line num="140" count="0" type="stmt"/>
      <line num="144" count="0" type="cond" truecount="0" falsecount="4"/>
      <line num="145" count="0" type="cond" truecount="0" falsecount="3"/>
      <line num="146" count="0" type="cond" truecount="0" falsecount="2"/>
      <line num="147" count="0" type="stmt"/>
      <line num="162" count="0" type="cond" truecount="0" falsecount="4"/>
      <line num="163" count="0" type="cond" truecount="0" falsecount="2"/>
      <line num="168" count="22" type="cond" truecount="1" falsecount="1"/>
      <line num="169" count="22" type="cond" truecount="2" falsecount="0"/>
      <line num="170" count="22" type="stmt"/>
      <line num="171" count="0" type="stmt"/>
      <line num="172" count="0" type="cond" truecount="0" falsecount="2"/>
      <line num="173" count="0" type="stmt"/>
      <line num="181" count="22" type="stmt"/>
      <line num="182" count="22" type="stmt"/>
      <line num="183" count="22" type="stmt"/>
      <line num="186" count="22" type="stmt"/>
      <line num="187" count="0" type="stmt"/>
      <line num="188" count="0" type="stmt"/>
      <line num="189" count="0" type="cond" truecount="0" falsecount="3"/>
      <line num="190" count="0" type="stmt"/>
      <line num="191" count="0" type="stmt"/>
      <line num="192" count="0" type="stmt"/>
      <line num="193" count="0" type="cond" truecount="0" falsecount="4"/>
      <line num="194" count="0" type="stmt"/>
      <line num="195" count="0" type="stmt"/>
      <line num="199" count="0" type="cond" truecount="0" falsecount="2"/>
      <line num="200" count="0" type="cond" truecount="0" falsecount="4"/>
      <line num="201" count="0" type="stmt"/>
      <line num="202" count="0" type="stmt"/>
      <line num="203" count="0" type="stmt"/>
      <line num="204" count="0" type="cond" truecount="0" falsecount="2"/>
      <line num="205" count="0" type="stmt"/>
      <line num="206" count="0" type="stmt"/>
      <line num="209" count="0" type="stmt"/>
      <line num="210" count="0" type="stmt"/>
      <line num="214" count="22" type="stmt"/>
      <line num="215" count="0" type="cond" truecount="0" falsecount="2"/>
      <line num="216" count="0" type="stmt"/>
      <line num="217" count="0" type="stmt"/>
      <line num="226" count="22" type="stmt"/>
      <line num="227" count="22" type="stmt"/>
      <line num="228" count="0" type="cond" truecount="0" falsecount="2"/>
      <line num="229" count="0" type="stmt"/>
      <line num="230" count="0" type="stmt"/>
      <line num="234" count="22" type="stmt"/>
      <line num="237" count="22" type="stmt"/>
      <line num="238" count="0" type="stmt"/>
      <line num="244" count="22" type="stmt"/>
      <line num="245" count="0" type="cond" truecount="0" falsecount="4"/>
      <line num="246" count="0" type="cond" truecount="0" falsecount="4"/>
      <line num="250" count="22" type="stmt"/>
      <line num="251" count="22" type="stmt"/>
      <line num="252" count="0" type="stmt"/>
      <line num="253" count="0" type="stmt"/>
      <line num="254" count="0" type="stmt"/>
      <line num="255" count="0" type="stmt"/>
      <line num="256" count="0" type="stmt"/>
      <line num="257" count="0" type="stmt"/>
      <line num="258" count="0" type="stmt"/>
      <line num="261" count="0" type="stmt"/>
      <line num="263" count="0" type="stmt"/>
      <line num="264" count="0" type="stmt"/>
      <line num="265" count="0" type="stmt"/>
      <line num="267" count="0" type="cond" truecount="0" falsecount="2"/>
      <line num="268" count="0" type="stmt"/>
      <line num="269" count="0" type="stmt"/>
      <line num="270" count="0" type="stmt"/>
      <line num="271" count="0" type="stmt"/>
      <line num="272" count="0" type="stmt"/>
      <line num="274" count="0" type="cond" truecount="0" falsecount="4"/>
      <line num="275" count="0" type="stmt"/>
      <line num="276" count="0" type="cond" truecount="0" falsecount="2"/>
      <line num="277" count="0" type="cond" truecount="0" falsecount="2"/>
      <line num="278" count="0" type="cond" truecount="0" falsecount="2"/>
      <line num="279" count="0" type="stmt"/>
      <line num="285" count="0" type="cond" truecount="0" falsecount="2"/>
      <line num="286" count="0" type="cond" truecount="0" falsecount="6"/>
      <line num="288" count="0" type="cond" truecount="0" falsecount="5"/>
      <line num="289" count="0" type="stmt"/>
      <line num="290" count="0" type="stmt"/>
      <line num="291" count="0" type="stmt"/>
      <line num="292" count="0" type="stmt"/>
      <line num="293" count="0" type="stmt"/>
      <line num="294" count="0" type="cond" truecount="0" falsecount="2"/>
      <line num="295" count="0" type="stmt"/>
      <line num="296" count="0" type="stmt"/>
      <line num="297" count="0" type="stmt"/>
      <line num="298" count="0" type="stmt"/>
      <line num="302" count="0" type="stmt"/>
      <line num="306" count="22" type="stmt"/>
      <line num="307" count="22" type="stmt"/>
      <line num="308" count="0" type="cond" truecount="0" falsecount="2"/>
      <line num="309" count="0" type="cond" truecount="0" falsecount="2"/>
      <line num="311" count="22" type="stmt"/>
      <line num="312" count="22" type="stmt"/>
      <line num="313" count="0" type="stmt"/>
      <line num="314" count="0" type="stmt"/>
      <line num="318" count="22" type="stmt"/>
      <line num="319" count="0" type="cond" truecount="0" falsecount="3"/>
      <line num="320" count="0" type="cond" truecount="0" falsecount="2"/>
      <line num="321" count="0" type="stmt"/>
      <line num="322" count="0" type="cond" truecount="0" falsecount="5"/>
      <line num="323" count="0" type="stmt"/>
      <line num="324" count="0" type="stmt"/>
      <line num="325" count="0" type="cond" truecount="0" falsecount="2"/>
      <line num="326" count="0" type="stmt"/>
      <line num="327" count="0" type="stmt"/>
      <line num="328" count="0" type="stmt"/>
      <line num="335" count="22" type="cond" truecount="1" falsecount="1"/>
      <line num="336" count="0" type="stmt"/>
      <line num="337" count="0" type="stmt"/>
      <line num="338" count="0" type="stmt"/>
      <line num="339" count="0" type="cond" truecount="0" falsecount="2"/>
      <line num="340" count="0" type="cond" truecount="0" falsecount="10"/>
      <line num="341" count="0" type="stmt"/>
      <line num="343" count="0" type="stmt"/>
      <line num="344" count="0" type="stmt"/>
      <line num="346" count="0" type="stmt"/>
      <line num="347" count="0" type="cond" truecount="0" falsecount="2"/>
      <line num="348" count="0" type="stmt"/>
      <line num="349" count="0" type="stmt"/>
      <line num="350" count="0" type="stmt"/>
      <line num="351" count="0" type="stmt"/>
      <line num="352" count="0" type="cond" truecount="0" falsecount="2"/>
      <line num="356" count="0" type="stmt"/>
      <line num="357" count="0" type="cond" truecount="0" falsecount="2"/>
      <line num="361" count="22" type="stmt"/>
      <line num="362" count="0" type="cond" truecount="0" falsecount="2"/>
      <line num="363" count="0" type="cond" truecount="0" falsecount="2"/>
      <line num="364" count="0" type="stmt"/>
      <line num="365" count="0" type="stmt"/>
      <line num="367" count="0" type="cond" truecount="0" falsecount="4"/>
      <line num="368" count="0" type="stmt"/>
      <line num="369" count="0" type="stmt"/>
      <line num="371" count="0" type="stmt"/>
      <line num="372" count="0" type="stmt"/>
      <line num="373" count="0" type="stmt"/>
      <line num="374" count="0" type="stmt"/>
      <line num="375" count="0" type="stmt"/>
      <line num="376" count="0" type="stmt"/>
      <line num="379" count="22" type="cond" truecount="1" falsecount="1"/>
      <line num="380" count="22" type="stmt"/>
      <line num="381" count="44" type="stmt"/>
      <line num="382" count="44" type="cond" truecount="1" falsecount="1"/>
      <line num="385" count="22" type="stmt"/>
      <line num="386" count="22" type="stmt"/>
      <line num="388" count="22" type="stmt"/>
      <line num="392" count="22" type="stmt"/>
      <line num="393" count="22" type="stmt"/>
      <line num="396" count="22" type="stmt"/>
      <line num="399" count="22" type="cond" truecount="1" falsecount="1"/>
      <line num="400" count="0" type="stmt"/>
      <line num="402" count="22" type="stmt"/>
      <line num="406" count="22" type="stmt"/>
      <line num="408" count="16" type="cond" truecount="5" falsecount="0"/>
      <line num="409" count="14" type="cond" truecount="2" falsecount="0"/>
      <line num="412" count="2" type="cond" truecount="2" falsecount="0"/>
      <line num="415" count="2" type="stmt"/>
      <line num="416" count="2" type="stmt"/>
      <line num="417" count="2" type="stmt"/>
      <line num="420" count="2" type="stmt"/>
      <line num="421" count="2" type="stmt"/>
      <line num="427" count="22" type="stmt"/>
    </file>
  </project>
</coverage>
