{"H:\\coupons\\githubs\\eye\\tracker\\src\\eye.js": {"path":"H:\\coupons\\githubs\\eye\\tracker\\src\\eye.js","statementMap":{"0":{"start":{"line":6,"column":0},"end":{"line":429,"column":32}},"1":{"start":{"line":10,"column":11},"end":{"line":10,"column":26}},"2":{"start":{"line":11,"column":14},"end":{"line":11,"column":66}},"3":{"start":{"line":12,"column":2},"end":{"line":12,"column":21}},"4":{"start":{"line":12,"column":14},"end":{"line":12,"column":21}},"5":{"start":{"line":14,"column":12},"end":{"line":14,"column":76}},"6":{"start":{"line":15,"column":20},"end":{"line":15,"column":72}},"7":{"start":{"line":18,"column":2},"end":{"line":18,"column":111}},"8":{"start":{"line":18,"column":104},"end":{"line":18,"column":111}},"9":{"start":{"line":22,"column":12},"end":{"line":22,"column":66}},"10":{"start":{"line":23,"column":4},"end":{"line":23,"column":27}},"11":{"start":{"line":26,"column":4},"end":{"line":26,"column":91}},"12":{"start":{"line":30,"column":2},"end":{"line":30,"column":50}},"13":{"start":{"line":30,"column":43},"end":{"line":30,"column":50}},"14":{"start":{"line":31,"column":2},"end":{"line":31,"column":68}},"15":{"start":{"line":31,"column":61},"end":{"line":31,"column":68}},"16":{"start":{"line":34,"column":25},"end":{"line":34,"column":73}},"17":{"start":{"line":34,"column":31},"end":{"line":34,"column":58}},"18":{"start":{"line":35,"column":21},"end":{"line":35,"column":87}},"19":{"start":{"line":35,"column":27},"end":{"line":35,"column":58}},"20":{"start":{"line":35,"column":73},"end":{"line":35,"column":85}},"21":{"start":{"line":39,"column":4},"end":{"line":39,"column":87}},"22":{"start":{"line":39,"column":60},"end":{"line":39,"column":87}},"23":{"start":{"line":40,"column":4},"end":{"line":43,"column":7}},"24":{"start":{"line":41,"column":14},"end":{"line":41,"column":36}},"25":{"start":{"line":42,"column":6},"end":{"line":42,"column":54}},"26":{"start":{"line":47,"column":20},"end":{"line":47,"column":27}},"27":{"start":{"line":51,"column":4},"end":{"line":51,"column":27}},"28":{"start":{"line":52,"column":4},"end":{"line":52,"column":55}},"29":{"start":{"line":52,"column":16},"end":{"line":52,"column":29}},"30":{"start":{"line":52,"column":30},"end":{"line":52,"column":53}},"31":{"start":{"line":53,"column":19},"end":{"line":53,"column":35}},"32":{"start":{"line":53,"column":47},"end":{"line":53,"column":74}},"33":{"start":{"line":54,"column":4},"end":{"line":54,"column":79}},"34":{"start":{"line":55,"column":4},"end":{"line":55,"column":27}},"35":{"start":{"line":56,"column":4},"end":{"line":56,"column":45}},"36":{"start":{"line":60,"column":14},"end":{"line":60,"column":16}},"37":{"start":{"line":64,"column":4},"end":{"line":64,"column":30}},"38":{"start":{"line":64,"column":23},"end":{"line":64,"column":30}},"39":{"start":{"line":65,"column":16},"end":{"line":65,"column":31}},"40":{"start":{"line":66,"column":15},"end":{"line":66,"column":36}},"41":{"start":{"line":67,"column":4},"end":{"line":73,"column":18}},"42":{"start":{"line":68,"column":6},"end":{"line":72,"column":7}},"43":{"start":{"line":69,"column":19},"end":{"line":69,"column":65}},"44":{"start":{"line":70,"column":8},"end":{"line":70,"column":32}},"45":{"start":{"line":71,"column":8},"end":{"line":71,"column":15}},"46":{"start":{"line":74,"column":4},"end":{"line":81,"column":5}},"47":{"start":{"line":75,"column":6},"end":{"line":75,"column":158}},"48":{"start":{"line":77,"column":14},"end":{"line":77,"column":34}},"49":{"start":{"line":78,"column":6},"end":{"line":78,"column":32}},"50":{"start":{"line":79,"column":6},"end":{"line":79,"column":61}},"51":{"start":{"line":80,"column":6},"end":{"line":80,"column":19}},"52":{"start":{"line":85,"column":4},"end":{"line":85,"column":70}},"53":{"start":{"line":85,"column":63},"end":{"line":85,"column":70}},"54":{"start":{"line":86,"column":4},"end":{"line":86,"column":24}},"55":{"start":{"line":86,"column":14},"end":{"line":86,"column":24}},"56":{"start":{"line":87,"column":13},"end":{"line":95,"column":5}},"57":{"start":{"line":96,"column":4},"end":{"line":100,"column":5}},"58":{"start":{"line":97,"column":6},"end":{"line":99,"column":7}},"59":{"start":{"line":98,"column":8},"end":{"line":98,"column":77}},"60":{"start":{"line":98,"column":60},"end":{"line":98,"column":77}},"61":{"start":{"line":101,"column":4},"end":{"line":101,"column":19}},"62":{"start":{"line":102,"column":4},"end":{"line":102,"column":106}},"63":{"start":{"line":102,"column":30},"end":{"line":102,"column":56}},"64":{"start":{"line":102,"column":57},"end":{"line":102,"column":65}},"65":{"start":{"line":102,"column":66},"end":{"line":102,"column":104}},"66":{"start":{"line":106,"column":4},"end":{"line":106,"column":42}},"67":{"start":{"line":110,"column":15},"end":{"line":110,"column":25}},"68":{"start":{"line":111,"column":16},"end":{"line":111,"column":49}},"69":{"start":{"line":112,"column":12},"end":{"line":112,"column":14}},"70":{"start":{"line":113,"column":20},"end":{"line":113,"column":22}},"71":{"start":{"line":114,"column":20},"end":{"line":114,"column":21}},"72":{"start":{"line":115,"column":22},"end":{"line":115,"column":24}},"73":{"start":{"line":116,"column":23},"end":{"line":116,"column":25}},"74":{"start":{"line":119,"column":4},"end":{"line":126,"column":18}},"75":{"start":{"line":120,"column":14},"end":{"line":120,"column":70}},"76":{"start":{"line":121,"column":17},"end":{"line":121,"column":68}},"77":{"start":{"line":122,"column":6},"end":{"line":125,"column":7}},"78":{"start":{"line":122,"column":19},"end":{"line":122,"column":20}},"79":{"start":{"line":123,"column":16},"end":{"line":123,"column":39}},"80":{"start":{"line":124,"column":8},"end":{"line":124,"column":41}},"81":{"start":{"line":124,"column":15},"end":{"line":124,"column":41}},"82":{"start":{"line":130,"column":4},"end":{"line":130,"column":109}},"83":{"start":{"line":131,"column":4},"end":{"line":131,"column":21}},"84":{"start":{"line":136,"column":4},"end":{"line":136,"column":57}},"85":{"start":{"line":136,"column":47},"end":{"line":136,"column":57}},"86":{"start":{"line":137,"column":4},"end":{"line":137,"column":34}},"87":{"start":{"line":137,"column":15},"end":{"line":137,"column":34}},"88":{"start":{"line":138,"column":12},"end":{"line":138,"column":36}},"89":{"start":{"line":139,"column":4},"end":{"line":139,"column":84}},"90":{"start":{"line":139,"column":22},"end":{"line":139,"column":84}},"91":{"start":{"line":140,"column":4},"end":{"line":140,"column":13}},"92":{"start":{"line":144,"column":4},"end":{"line":144,"column":57}},"93":{"start":{"line":144,"column":47},"end":{"line":144,"column":57}},"94":{"start":{"line":145,"column":15},"end":{"line":145,"column":94}},"95":{"start":{"line":146,"column":18},"end":{"line":146,"column":113}},"96":{"start":{"line":147,"column":4},"end":{"line":158,"column":6}},"97":{"start":{"line":162,"column":4},"end":{"line":162,"column":38}},"98":{"start":{"line":162,"column":28},"end":{"line":162,"column":38}},"99":{"start":{"line":163,"column":4},"end":{"line":163,"column":125}},"100":{"start":{"line":168,"column":14},"end":{"line":168,"column":47}},"101":{"start":{"line":169,"column":16},"end":{"line":169,"column":37}},"102":{"start":{"line":170,"column":4},"end":{"line":176,"column":5}},"103":{"start":{"line":170,"column":17},"end":{"line":170,"column":18}},"104":{"start":{"line":171,"column":6},"end":{"line":175,"column":20}},"105":{"start":{"line":172,"column":8},"end":{"line":174,"column":9}},"106":{"start":{"line":173,"column":10},"end":{"line":173,"column":90}},"107":{"start":{"line":181,"column":4},"end":{"line":181,"column":14}},"108":{"start":{"line":181,"column":18},"end":{"line":181,"column":34}},"109":{"start":{"line":182,"column":4},"end":{"line":182,"column":20}},"110":{"start":{"line":182,"column":24},"end":{"line":182,"column":35}},"111":{"start":{"line":183,"column":4},"end":{"line":183,"column":17}},"112":{"start":{"line":186,"column":4},"end":{"line":211,"column":26}},"113":{"start":{"line":187,"column":17},"end":{"line":187,"column":26}},"114":{"start":{"line":188,"column":21},"end":{"line":188,"column":41}},"115":{"start":{"line":189,"column":18},"end":{"line":189,"column":76}},"116":{"start":{"line":190,"column":16},"end":{"line":190,"column":50}},"117":{"start":{"line":191,"column":18},"end":{"line":191,"column":35}},"118":{"start":{"line":192,"column":6},"end":{"line":197,"column":7}},"119":{"start":{"line":192,"column":19},"end":{"line":192,"column":20}},"120":{"start":{"line":193,"column":8},"end":{"line":196,"column":9}},"121":{"start":{"line":194,"column":10},"end":{"line":194,"column":36}},"122":{"start":{"line":195,"column":10},"end":{"line":195,"column":55}},"123":{"start":{"line":199,"column":16},"end":{"line":199,"column":46}},"124":{"start":{"line":200,"column":6},"end":{"line":208,"column":7}},"125":{"start":{"line":201,"column":18},"end":{"line":201,"column":28}},"126":{"start":{"line":202,"column":8},"end":{"line":202,"column":88}},"127":{"start":{"line":202,"column":62},"end":{"line":202,"column":84}},"128":{"start":{"line":203,"column":8},"end":{"line":203,"column":33}},"129":{"start":{"line":204,"column":8},"end":{"line":207,"column":9}},"130":{"start":{"line":205,"column":10},"end":{"line":205,"column":95}},"131":{"start":{"line":206,"column":10},"end":{"line":206,"column":30}},"132":{"start":{"line":209,"column":6},"end":{"line":209,"column":26}},"133":{"start":{"line":210,"column":6},"end":{"line":210,"column":25}},"134":{"start":{"line":214,"column":4},"end":{"line":219,"column":7}},"135":{"start":{"line":215,"column":6},"end":{"line":218,"column":7}},"136":{"start":{"line":216,"column":8},"end":{"line":216,"column":81}},"137":{"start":{"line":217,"column":8},"end":{"line":217,"column":16}},"138":{"start":{"line":226,"column":6},"end":{"line":226,"column":36}},"139":{"start":{"line":227,"column":6},"end":{"line":232,"column":16}},"140":{"start":{"line":228,"column":8},"end":{"line":231,"column":9}},"141":{"start":{"line":229,"column":10},"end":{"line":229,"column":83}},"142":{"start":{"line":230,"column":10},"end":{"line":230,"column":18}},"143":{"start":{"line":234,"column":4},"end":{"line":234,"column":21}},"144":{"start":{"line":237,"column":4},"end":{"line":243,"column":7}},"145":{"start":{"line":238,"column":6},"end":{"line":242,"column":9}},"146":{"start":{"line":244,"column":4},"end":{"line":247,"column":7}},"147":{"start":{"line":245,"column":16},"end":{"line":245,"column":92}},"148":{"start":{"line":246,"column":6},"end":{"line":246,"column":112}},"149":{"start":{"line":250,"column":19},"end":{"line":250,"column":21}},"150":{"start":{"line":251,"column":4},"end":{"line":303,"column":13}},"151":{"start":{"line":252,"column":14},"end":{"line":252,"column":24}},"152":{"start":{"line":252,"column":30},"end":{"line":252,"column":40}},"153":{"start":{"line":252,"column":48},"end":{"line":252,"column":58}},"154":{"start":{"line":253,"column":26},"end":{"line":253,"column":59}},"155":{"start":{"line":254,"column":26},"end":{"line":254,"column":51}},"156":{"start":{"line":255,"column":6},"end":{"line":255,"column":38}},"157":{"start":{"line":256,"column":6},"end":{"line":256,"column":38}},"158":{"start":{"line":257,"column":6},"end":{"line":257,"column":75}},"159":{"start":{"line":257,"column":48},"end":{"line":257,"column":71}},"160":{"start":{"line":258,"column":6},"end":{"line":258,"column":44}},"161":{"start":{"line":261,"column":6},"end":{"line":261,"column":38}},"162":{"start":{"line":263,"column":19},"end":{"line":266,"column":8}},"163":{"start":{"line":264,"column":17},"end":{"line":264,"column":24}},"164":{"start":{"line":264,"column":31},"end":{"line":264,"column":38}},"165":{"start":{"line":265,"column":8},"end":{"line":265,"column":50}},"166":{"start":{"line":267,"column":6},"end":{"line":273,"column":7}},"167":{"start":{"line":268,"column":23},"end":{"line":268,"column":48}},"168":{"start":{"line":269,"column":8},"end":{"line":269,"column":35}},"169":{"start":{"line":270,"column":8},"end":{"line":270,"column":35}},"170":{"start":{"line":271,"column":8},"end":{"line":271,"column":40}},"171":{"start":{"line":272,"column":8},"end":{"line":272,"column":22}},"172":{"start":{"line":274,"column":6},"end":{"line":282,"column":7}},"173":{"start":{"line":275,"column":22},"end":{"line":275,"column":59}},"174":{"start":{"line":276,"column":8},"end":{"line":281,"column":9}},"175":{"start":{"line":277,"column":29},"end":{"line":277,"column":73}},"176":{"start":{"line":278,"column":10},"end":{"line":280,"column":11}},"177":{"start":{"line":279,"column":12},"end":{"line":279,"column":144}},"178":{"start":{"line":285,"column":16},"end":{"line":285,"column":59}},"179":{"start":{"line":286,"column":32},"end":{"line":287,"column":65}},"180":{"start":{"line":288,"column":6},"end":{"line":301,"column":7}},"181":{"start":{"line":289,"column":22},"end":{"line":289,"column":27}},"182":{"start":{"line":290,"column":18},"end":{"line":290,"column":89}},"183":{"start":{"line":290,"column":53},"end":{"line":290,"column":68}},"184":{"start":{"line":290,"column":69},"end":{"line":290,"column":86}},"185":{"start":{"line":291,"column":8},"end":{"line":291,"column":93}},"186":{"start":{"line":292,"column":8},"end":{"line":300,"column":16}},"187":{"start":{"line":293,"column":10},"end":{"line":293,"column":27}},"188":{"start":{"line":294,"column":10},"end":{"line":299,"column":11}},"189":{"start":{"line":295,"column":27},"end":{"line":295,"column":52}},"190":{"start":{"line":296,"column":12},"end":{"line":296,"column":39}},"191":{"start":{"line":297,"column":12},"end":{"line":297,"column":39}},"192":{"start":{"line":298,"column":12},"end":{"line":298,"column":44}},"193":{"start":{"line":302,"column":6},"end":{"line":302,"column":23}},"194":{"start":{"line":306,"column":18},"end":{"line":306,"column":20}},"195":{"start":{"line":307,"column":4},"end":{"line":310,"column":13}},"196":{"start":{"line":308,"column":14},"end":{"line":308,"column":41}},"197":{"start":{"line":309,"column":6},"end":{"line":309,"column":40}},"198":{"start":{"line":309,"column":13},"end":{"line":309,"column":40}},"199":{"start":{"line":311,"column":4},"end":{"line":311,"column":97}},"200":{"start":{"line":311,"column":49},"end":{"line":311,"column":87}},"201":{"start":{"line":312,"column":4},"end":{"line":315,"column":7}},"202":{"start":{"line":313,"column":17},"end":{"line":313,"column":37}},"203":{"start":{"line":314,"column":6},"end":{"line":314,"column":87}},"204":{"start":{"line":314,"column":19},"end":{"line":314,"column":20}},"205":{"start":{"line":314,"column":44},"end":{"line":314,"column":87}},"206":{"start":{"line":318,"column":4},"end":{"line":332,"column":13}},"207":{"start":{"line":319,"column":14},"end":{"line":319,"column":76}},"208":{"start":{"line":320,"column":6},"end":{"line":320,"column":21}},"209":{"start":{"line":320,"column":14},"end":{"line":320,"column":21}},"210":{"start":{"line":321,"column":17},"end":{"line":321,"column":39}},"211":{"start":{"line":322,"column":6},"end":{"line":322,"column":80}},"212":{"start":{"line":322,"column":73},"end":{"line":322,"column":80}},"213":{"start":{"line":323,"column":6},"end":{"line":331,"column":20}},"214":{"start":{"line":324,"column":8},"end":{"line":330,"column":33}},"215":{"start":{"line":325,"column":10},"end":{"line":329,"column":11}},"216":{"start":{"line":326,"column":27},"end":{"line":326,"column":40}},"217":{"start":{"line":327,"column":12},"end":{"line":327,"column":32}},"218":{"start":{"line":328,"column":12},"end":{"line":328,"column":45}},"219":{"start":{"line":335,"column":4},"end":{"line":358,"column":5}},"220":{"start":{"line":336,"column":14},"end":{"line":336,"column":40}},"221":{"start":{"line":337,"column":18},"end":{"line":337,"column":23}},"222":{"start":{"line":338,"column":25},"end":{"line":342,"column":7}},"223":{"start":{"line":339,"column":8},"end":{"line":339,"column":26}},"224":{"start":{"line":339,"column":19},"end":{"line":339,"column":26}},"225":{"start":{"line":339,"column":27},"end":{"line":339,"column":40}},"226":{"start":{"line":340,"column":16},"end":{"line":340,"column":144}},"227":{"start":{"line":341,"column":8},"end":{"line":341,"column":127}},"228":{"start":{"line":343,"column":19},"end":{"line":345,"column":7}},"229":{"start":{"line":344,"column":8},"end":{"line":344,"column":139}},"230":{"start":{"line":344,"column":14},"end":{"line":344,"column":124}},"231":{"start":{"line":344,"column":53},"end":{"line":344,"column":80}},"232":{"start":{"line":346,"column":6},"end":{"line":346,"column":92}},"233":{"start":{"line":346,"column":56},"end":{"line":346,"column":88}},"234":{"start":{"line":347,"column":6},"end":{"line":347,"column":88}},"235":{"start":{"line":347,"column":44},"end":{"line":347,"column":84}},"236":{"start":{"line":347,"column":67},"end":{"line":347,"column":84}},"237":{"start":{"line":348,"column":6},"end":{"line":355,"column":20}},"238":{"start":{"line":349,"column":8},"end":{"line":354,"column":77}},"239":{"start":{"line":350,"column":10},"end":{"line":353,"column":13}},"240":{"start":{"line":351,"column":22},"end":{"line":351,"column":65}},"241":{"start":{"line":352,"column":12},"end":{"line":352,"column":41}},"242":{"start":{"line":352,"column":29},"end":{"line":352,"column":41}},"243":{"start":{"line":356,"column":6},"end":{"line":356,"column":51}},"244":{"start":{"line":357,"column":6},"end":{"line":357,"column":114}},"245":{"start":{"line":357,"column":59},"end":{"line":357,"column":110}},"246":{"start":{"line":357,"column":95},"end":{"line":357,"column":110}},"247":{"start":{"line":361,"column":18},"end":{"line":378,"column":5}},"248":{"start":{"line":362,"column":16},"end":{"line":362,"column":49}},"249":{"start":{"line":363,"column":6},"end":{"line":377,"column":7}},"250":{"start":{"line":364,"column":20},"end":{"line":364,"column":60}},"251":{"start":{"line":365,"column":8},"end":{"line":365,"column":46}},"252":{"start":{"line":367,"column":8},"end":{"line":370,"column":9}},"253":{"start":{"line":368,"column":10},"end":{"line":368,"column":69}},"254":{"start":{"line":369,"column":10},"end":{"line":369,"column":18}},"255":{"start":{"line":371,"column":8},"end":{"line":371,"column":22}},"256":{"start":{"line":371,"column":23},"end":{"line":371,"column":43}},"257":{"start":{"line":371,"column":44},"end":{"line":371,"column":53}},"258":{"start":{"line":371,"column":54},"end":{"line":371,"column":71}},"259":{"start":{"line":372,"column":8},"end":{"line":372,"column":21}},"260":{"start":{"line":372,"column":22},"end":{"line":372,"column":45}},"261":{"start":{"line":372,"column":46},"end":{"line":372,"column":87}},"262":{"start":{"line":373,"column":8},"end":{"line":373,"column":24}},"263":{"start":{"line":374,"column":8},"end":{"line":374,"column":19}},"264":{"start":{"line":375,"column":8},"end":{"line":375,"column":21}},"265":{"start":{"line":376,"column":8},"end":{"line":376,"column":25}},"266":{"start":{"line":379,"column":4},"end":{"line":384,"column":5}},"267":{"start":{"line":380,"column":6},"end":{"line":383,"column":9}},"268":{"start":{"line":381,"column":19},"end":{"line":381,"column":31}},"269":{"start":{"line":382,"column":8},"end":{"line":382,"column":112}},"270":{"start":{"line":382,"column":18},"end":{"line":382,"column":112}},"271":{"start":{"line":382,"column":55},"end":{"line":382,"column":82}},"272":{"start":{"line":382,"column":84},"end":{"line":382,"column":99}},"273":{"start":{"line":382,"column":100},"end":{"line":382,"column":109}},"274":{"start":{"line":385,"column":4},"end":{"line":385,"column":67}},"275":{"start":{"line":385,"column":49},"end":{"line":385,"column":63}},"276":{"start":{"line":386,"column":4},"end":{"line":386,"column":70}},"277":{"start":{"line":386,"column":51},"end":{"line":386,"column":66}},"278":{"start":{"line":388,"column":4},"end":{"line":388,"column":22}},"279":{"start":{"line":392,"column":2},"end":{"line":392,"column":40}},"280":{"start":{"line":393,"column":2},"end":{"line":393,"column":44}},"281":{"start":{"line":396,"column":2},"end":{"line":396,"column":22}},"282":{"start":{"line":399,"column":2},"end":{"line":403,"column":3}},"283":{"start":{"line":400,"column":4},"end":{"line":400,"column":50}},"284":{"start":{"line":402,"column":4},"end":{"line":402,"column":24}},"285":{"start":{"line":406,"column":2},"end":{"line":424,"column":4}},"286":{"start":{"line":408,"column":6},"end":{"line":408,"column":72}},"287":{"start":{"line":408,"column":65},"end":{"line":408,"column":72}},"288":{"start":{"line":409,"column":6},"end":{"line":409,"column":53}},"289":{"start":{"line":412,"column":6},"end":{"line":412,"column":64}},"290":{"start":{"line":415,"column":6},"end":{"line":415,"column":41}},"291":{"start":{"line":416,"column":6},"end":{"line":416,"column":208}},"292":{"start":{"line":416,"column":12},"end":{"line":416,"column":193}},"293":{"start":{"line":417,"column":6},"end":{"line":417,"column":17}},"294":{"start":{"line":417,"column":18},"end":{"line":417,"column":44}},"295":{"start":{"line":420,"column":6},"end":{"line":420,"column":42}},"296":{"start":{"line":421,"column":6},"end":{"line":421,"column":17}},"297":{"start":{"line":421,"column":18},"end":{"line":421,"column":44}},"298":{"start":{"line":427,"column":2},"end":{"line":427,"column":16}}},"fnMap":{"0":{"name":"(anonymous_0)","decl":{"start":{"line":6,"column":1},"end":{"line":6,"column":2}},"loc":{"start":{"line":6,"column":20},"end":{"line":429,"column":1}},"line":6},"1":{"name":"getCookie","decl":{"start":{"line":21,"column":11},"end":{"line":21,"column":20}},"loc":{"start":{"line":21,"column":27},"end":{"line":24,"column":3}},"line":21},"2":{"name":"setCookie","decl":{"start":{"line":25,"column":11},"end":{"line":25,"column":20}},"loc":{"start":{"line":25,"column":38},"end":{"line":27,"column":3}},"line":25},"3":{"name":"store","decl":{"start":{"line":34,"column":11},"end":{"line":34,"column":16}},"loc":{"start":{"line":34,"column":23},"end":{"line":34,"column":75}},"line":34},"4":{"name":"load","decl":{"start":{"line":35,"column":11},"end":{"line":35,"column":15}},"loc":{"start":{"line":35,"column":19},"end":{"line":35,"column":89}},"line":35},"5":{"name":"uuid","decl":{"start":{"line":38,"column":11},"end":{"line":38,"column":15}},"loc":{"start":{"line":38,"column":18},"end":{"line":44,"column":3}},"line":38},"6":{"name":"(anonymous_6)","decl":{"start":{"line":40,"column":67},"end":{"line":40,"column":68}},"loc":{"start":{"line":40,"column":80},"end":{"line":43,"column":5}},"line":40},"7":{"name":"initIds","decl":{"start":{"line":50,"column":11},"end":{"line":50,"column":18}},"loc":{"start":{"line":50,"column":21},"end":{"line":57,"column":3}},"line":50},"8":{"name":"flush","decl":{"start":{"line":63,"column":11},"end":{"line":63,"column":16}},"loc":{"start":{"line":63,"column":19},"end":{"line":82,"column":3}},"line":63},"9":{"name":"(anonymous_9)","decl":{"start":{"line":75,"column":142},"end":{"line":75,"column":143}},"loc":{"start":{"line":75,"column":154},"end":{"line":75,"column":156}},"line":75},"10":{"name":"enqueue","decl":{"start":{"line":84,"column":11},"end":{"line":84,"column":18}},"loc":{"start":{"line":84,"column":32},"end":{"line":103,"column":3}},"line":84},"11":{"name":"startFlushTimer","decl":{"start":{"line":105,"column":11},"end":{"line":105,"column":26}},"loc":{"start":{"line":105,"column":29},"end":{"line":107,"column":3}},"line":105},"12":{"name":"parseUtm","decl":{"start":{"line":118,"column":11},"end":{"line":118,"column":19}},"loc":{"start":{"line":118,"column":22},"end":{"line":127,"column":3}},"line":118},"13":{"name":"doPageview","decl":{"start":{"line":129,"column":11},"end":{"line":129,"column":21}},"loc":{"start":{"line":129,"column":24},"end":{"line":132,"column":3}},"line":129},"14":{"name":"selectorOf","decl":{"start":{"line":135,"column":11},"end":{"line":135,"column":21}},"loc":{"start":{"line":135,"column":26},"end":{"line":141,"column":3}},"line":135},"15":{"name":"targetMeta","decl":{"start":{"line":143,"column":11},"end":{"line":143,"column":21}},"loc":{"start":{"line":143,"column":26},"end":{"line":159,"column":3}},"line":143},"16":{"name":"resolveClickableTarget","decl":{"start":{"line":161,"column":11},"end":{"line":161,"column":33}},"loc":{"start":{"line":161,"column":38},"end":{"line":164,"column":3}},"line":161},"17":{"name":"matchPipelines","decl":{"start":{"line":167,"column":11},"end":{"line":167,"column":25}},"loc":{"start":{"line":167,"column":28},"end":{"line":177,"column":3}},"line":167},"18":{"name":"init","decl":{"start":{"line":180,"column":11},"end":{"line":180,"column":15}},"loc":{"start":{"line":180,"column":18},"end":{"line":389,"column":3}},"line":180},"19":{"name":"(anonymous_19)","decl":{"start":{"line":186,"column":33},"end":{"line":186,"column":34}},"loc":{"start":{"line":186,"column":45},"end":{"line":211,"column":5}},"line":186},"20":{"name":"(anonymous_20)","decl":{"start":{"line":202,"column":47},"end":{"line":202,"column":48}},"loc":{"start":{"line":202,"column":60},"end":{"line":202,"column":86}},"line":202},"21":{"name":"(anonymous_21)","decl":{"start":{"line":214,"column":43},"end":{"line":214,"column":44}},"loc":{"start":{"line":214,"column":55},"end":{"line":219,"column":5}},"line":214},"22":{"name":"startHeartbeat","decl":{"start":{"line":225,"column":13},"end":{"line":225,"column":27}},"loc":{"start":{"line":225,"column":30},"end":{"line":233,"column":5}},"line":225},"23":{"name":"(anonymous_23)","decl":{"start":{"line":227,"column":35},"end":{"line":227,"column":36}},"loc":{"start":{"line":227,"column":47},"end":{"line":232,"column":7}},"line":227},"24":{"name":"(anonymous_24)","decl":{"start":{"line":237,"column":32},"end":{"line":237,"column":33}},"loc":{"start":{"line":237,"column":46},"end":{"line":243,"column":5}},"line":237},"25":{"name":"(anonymous_25)","decl":{"start":{"line":244,"column":45},"end":{"line":244,"column":46}},"loc":{"start":{"line":244,"column":59},"end":{"line":247,"column":5}},"line":244},"26":{"name":"(anonymous_26)","decl":{"start":{"line":251,"column":32},"end":{"line":251,"column":33}},"loc":{"start":{"line":251,"column":46},"end":{"line":303,"column":5}},"line":251},"27":{"name":"(anonymous_27)","decl":{"start":{"line":257,"column":33},"end":{"line":257,"column":34}},"loc":{"start":{"line":257,"column":46},"end":{"line":257,"column":73}},"line":257},"28":{"name":"(anonymous_28)","decl":{"start":{"line":263,"column":35},"end":{"line":263,"column":36}},"loc":{"start":{"line":263,"column":48},"end":{"line":266,"column":7}},"line":263},"29":{"name":"(anonymous_29)","decl":{"start":{"line":290,"column":39},"end":{"line":290,"column":40}},"loc":{"start":{"line":290,"column":51},"end":{"line":290,"column":88}},"line":290},"30":{"name":"(anonymous_30)","decl":{"start":{"line":292,"column":19},"end":{"line":292,"column":20}},"loc":{"start":{"line":292,"column":31},"end":{"line":300,"column":9}},"line":292},"31":{"name":"(anonymous_31)","decl":{"start":{"line":307,"column":34},"end":{"line":307,"column":35}},"loc":{"start":{"line":307,"column":48},"end":{"line":310,"column":5}},"line":307},"32":{"name":"(anonymous_32)","decl":{"start":{"line":311,"column":33},"end":{"line":311,"column":34}},"loc":{"start":{"line":311,"column":47},"end":{"line":311,"column":89}},"line":311},"33":{"name":"(anonymous_33)","decl":{"start":{"line":312,"column":39},"end":{"line":312,"column":40}},"loc":{"start":{"line":312,"column":51},"end":{"line":315,"column":5}},"line":312},"34":{"name":"(anonymous_34)","decl":{"start":{"line":318,"column":32},"end":{"line":318,"column":33}},"loc":{"start":{"line":318,"column":46},"end":{"line":332,"column":5}},"line":318},"35":{"name":"(anonymous_35)","decl":{"start":{"line":324,"column":62},"end":{"line":324,"column":63}},"loc":{"start":{"line":324,"column":75},"end":{"line":330,"column":9}},"line":324},"36":{"name":"(anonymous_36)","decl":{"start":{"line":330,"column":17},"end":{"line":330,"column":18}},"loc":{"start":{"line":330,"column":29},"end":{"line":330,"column":31}},"line":330},"37":{"name":"(anonymous_37)","decl":{"start":{"line":338,"column":25},"end":{"line":338,"column":26}},"loc":{"start":{"line":338,"column":37},"end":{"line":342,"column":7}},"line":338},"38":{"name":"(anonymous_38)","decl":{"start":{"line":343,"column":19},"end":{"line":343,"column":20}},"loc":{"start":{"line":343,"column":39},"end":{"line":345,"column":7}},"line":343},"39":{"name":"(anonymous_39)","decl":{"start":{"line":344,"column":38},"end":{"line":344,"column":39}},"loc":{"start":{"line":344,"column":51},"end":{"line":344,"column":82}},"line":344},"40":{"name":"(anonymous_40)","decl":{"start":{"line":346,"column":41},"end":{"line":346,"column":42}},"loc":{"start":{"line":346,"column":54},"end":{"line":346,"column":90}},"line":346},"41":{"name":"(anonymous_41)","decl":{"start":{"line":347,"column":29},"end":{"line":347,"column":30}},"loc":{"start":{"line":347,"column":42},"end":{"line":347,"column":86}},"line":347},"42":{"name":"(anonymous_42)","decl":{"start":{"line":349,"column":32},"end":{"line":349,"column":33}},"loc":{"start":{"line":349,"column":45},"end":{"line":354,"column":9}},"line":349},"43":{"name":"(anonymous_43)","decl":{"start":{"line":350,"column":33},"end":{"line":350,"column":34}},"loc":{"start":{"line":350,"column":46},"end":{"line":353,"column":11}},"line":350},"44":{"name":"(anonymous_44)","decl":{"start":{"line":357,"column":45},"end":{"line":357,"column":46}},"loc":{"start":{"line":357,"column":57},"end":{"line":357,"column":112}},"line":357},"45":{"name":"(anonymous_45)","decl":{"start":{"line":361,"column":18},"end":{"line":361,"column":19}},"loc":{"start":{"line":361,"column":36},"end":{"line":378,"column":5}},"line":361},"46":{"name":"(anonymous_46)","decl":{"start":{"line":380,"column":44},"end":{"line":380,"column":45}},"loc":{"start":{"line":380,"column":57},"end":{"line":383,"column":7}},"line":380},"47":{"name":"(anonymous_47)","decl":{"start":{"line":382,"column":33},"end":{"line":382,"column":34}},"loc":{"start":{"line":382,"column":45},"end":{"line":382,"column":111}},"line":382},"48":{"name":"(anonymous_48)","decl":{"start":{"line":385,"column":35},"end":{"line":385,"column":36}},"loc":{"start":{"line":385,"column":47},"end":{"line":385,"column":65}},"line":385},"49":{"name":"(anonymous_49)","decl":{"start":{"line":386,"column":37},"end":{"line":386,"column":38}},"loc":{"start":{"line":386,"column":49},"end":{"line":386,"column":68}},"line":386},"50":{"name":"(anonymous_50)","decl":{"start":{"line":407,"column":11},"end":{"line":407,"column":12}},"loc":{"start":{"line":407,"column":34},"end":{"line":410,"column":5}},"line":407},"51":{"name":"(anonymous_51)","decl":{"start":{"line":411,"column":14},"end":{"line":411,"column":15}},"loc":{"start":{"line":411,"column":44},"end":{"line":413,"column":5}},"line":411},"52":{"name":"(anonymous_52)","decl":{"start":{"line":414,"column":12},"end":{"line":414,"column":13}},"loc":{"start":{"line":414,"column":24},"end":{"line":418,"column":5}},"line":414},"53":{"name":"(anonymous_53)","decl":{"start":{"line":416,"column":177},"end":{"line":416,"column":178}},"loc":{"start":{"line":416,"column":189},"end":{"line":416,"column":191}},"line":416},"54":{"name":"(anonymous_54)","decl":{"start":{"line":419,"column":13},"end":{"line":419,"column":14}},"loc":{"start":{"line":419,"column":25},"end":{"line":422,"column":5}},"line":419}},"branchMap":{"0":{"loc":{"start":{"line":11,"column":14},"end":{"line":11,"column":66}},"type":"binary-expr","locations":[{"start":{"line":11,"column":15},"end":{"line":11,"column":17}},{"start":{"line":11,"column":21},"end":{"line":11,"column":50}},{"start":{"line":11,"column":55},"end":{"line":11,"column":66}}],"line":11},"1":{"loc":{"start":{"line":12,"column":2},"end":{"line":12,"column":21}},"type":"if","locations":[{"start":{"line":12,"column":2},"end":{"line":12,"column":21}},{"start":{},"end":{}}],"line":12},"2":{"loc":{"start":{"line":14,"column":12},"end":{"line":14,"column":76}},"type":"binary-expr","locations":[{"start":{"line":14,"column":13},"end":{"line":14,"column":15}},{"start":{"line":14,"column":19},"end":{"line":14,"column":46}},{"start":{"line":14,"column":51},"end":{"line":14,"column":60}},{"start":{"line":14,"column":64},"end":{"line":14,"column":76}}],"line":14},"3":{"loc":{"start":{"line":15,"column":20},"end":{"line":15,"column":72}},"type":"binary-expr","locations":[{"start":{"line":15,"column":20},"end":{"line":15,"column":22}},{"start":{"line":15,"column":26},"end":{"line":15,"column":72}}],"line":15},"4":{"loc":{"start":{"line":18,"column":2},"end":{"line":18,"column":111}},"type":"if","locations":[{"start":{"line":18,"column":2},"end":{"line":18,"column":111}},{"start":{},"end":{}}],"line":18},"5":{"loc":{"start":{"line":18,"column":6},"end":{"line":18,"column":102}},"type":"binary-expr","locations":[{"start":{"line":18,"column":6},"end":{"line":18,"column":17}},{"start":{"line":18,"column":21},"end":{"line":18,"column":102}}],"line":18},"6":{"loc":{"start":{"line":18,"column":84},"end":{"line":18,"column":101}},"type":"binary-expr","locations":[{"start":{"line":18,"column":84},"end":{"line":18,"column":95}},{"start":{"line":18,"column":99},"end":{"line":18,"column":101}}],"line":18},"7":{"loc":{"start":{"line":22,"column":13},"end":{"line":22,"column":27}},"type":"binary-expr","locations":[{"start":{"line":22,"column":13},"end":{"line":22,"column":21}},{"start":{"line":22,"column":25},"end":{"line":22,"column":27}}],"line":22},"8":{"loc":{"start":{"line":23,"column":11},"end":{"line":23,"column":26}},"type":"cond-expr","locations":[{"start":{"line":23,"column":15},"end":{"line":23,"column":19}},{"start":{"line":23,"column":22},"end":{"line":23,"column":26}}],"line":23},"9":{"loc":{"start":{"line":30,"column":2},"end":{"line":30,"column":50}},"type":"if","locations":[{"start":{"line":30,"column":2},"end":{"line":30,"column":50}},{"start":{},"end":{}}],"line":30},"10":{"loc":{"start":{"line":30,"column":6},"end":{"line":30,"column":41}},"type":"binary-expr","locations":[{"start":{"line":30,"column":6},"end":{"line":30,"column":17}},{"start":{"line":30,"column":21},"end":{"line":30,"column":41}}],"line":30},"11":{"loc":{"start":{"line":31,"column":2},"end":{"line":31,"column":68}},"type":"if","locations":[{"start":{"line":31,"column":2},"end":{"line":31,"column":68}},{"start":{},"end":{}}],"line":31},"12":{"loc":{"start":{"line":31,"column":6},"end":{"line":31,"column":59}},"type":"binary-expr","locations":[{"start":{"line":31,"column":6},"end":{"line":31,"column":30}},{"start":{"line":31,"column":34},"end":{"line":31,"column":59}}],"line":31},"13":{"loc":{"start":{"line":39,"column":4},"end":{"line":39,"column":87}},"type":"if","locations":[{"start":{"line":39,"column":4},"end":{"line":39,"column":87}},{"start":{},"end":{}}],"line":39},"14":{"loc":{"start":{"line":39,"column":8},"end":{"line":39,"column":58}},"type":"binary-expr","locations":[{"start":{"line":39,"column":8},"end":{"line":39,"column":37}},{"start":{"line":39,"column":41},"end":{"line":39,"column":58}}],"line":39},"15":{"loc":{"start":{"line":42,"column":14},"end":{"line":42,"column":39}},"type":"cond-expr","locations":[{"start":{"line":42,"column":26},"end":{"line":42,"column":27}},{"start":{"line":42,"column":30},"end":{"line":42,"column":39}}],"line":42},"16":{"loc":{"start":{"line":52,"column":4},"end":{"line":52,"column":55}},"type":"if","locations":[{"start":{"line":52,"column":4},"end":{"line":52,"column":55}},{"start":{},"end":{}}],"line":52},"17":{"loc":{"start":{"line":53,"column":49},"end":{"line":53,"column":73}},"type":"binary-expr","locations":[{"start":{"line":53,"column":49},"end":{"line":53,"column":68}},{"start":{"line":53,"column":72},"end":{"line":53,"column":73}}],"line":53},"18":{"loc":{"start":{"line":54,"column":10},"end":{"line":54,"column":78}},"type":"cond-expr","locations":[{"start":{"line":54,"column":61},"end":{"line":54,"column":69}},{"start":{"line":54,"column":72},"end":{"line":54,"column":78}}],"line":54},"19":{"loc":{"start":{"line":54,"column":11},"end":{"line":54,"column":57}},"type":"binary-expr","locations":[{"start":{"line":54,"column":11},"end":{"line":54,"column":19}},{"start":{"line":54,"column":23},"end":{"line":54,"column":57}}],"line":54},"20":{"loc":{"start":{"line":64,"column":4},"end":{"line":64,"column":30}},"type":"if","locations":[{"start":{"line":64,"column":4},"end":{"line":64,"column":30}},{"start":{},"end":{}}],"line":64},"21":{"loc":{"start":{"line":68,"column":6},"end":{"line":72,"column":7}},"type":"if","locations":[{"start":{"line":68,"column":6},"end":{"line":72,"column":7}},{"start":{},"end":{}}],"line":68},"22":{"loc":{"start":{"line":74,"column":4},"end":{"line":81,"column":5}},"type":"if","locations":[{"start":{"line":74,"column":4},"end":{"line":81,"column":5}},{"start":{"line":76,"column":11},"end":{"line":81,"column":5}}],"line":74},"23":{"loc":{"start":{"line":85,"column":4},"end":{"line":85,"column":70}},"type":"if","locations":[{"start":{"line":85,"column":4},"end":{"line":85,"column":70}},{"start":{},"end":{}}],"line":85},"24":{"loc":{"start":{"line":85,"column":8},"end":{"line":85,"column":61}},"type":"binary-expr","locations":[{"start":{"line":85,"column":8},"end":{"line":85,"column":32}},{"start":{"line":85,"column":36},"end":{"line":85,"column":61}}],"line":85},"25":{"loc":{"start":{"line":86,"column":4},"end":{"line":86,"column":24}},"type":"if","locations":[{"start":{"line":86,"column":4},"end":{"line":86,"column":24}},{"start":{},"end":{}}],"line":86},"26":{"loc":{"start":{"line":89,"column":9},"end":{"line":89,"column":42}},"type":"cond-expr","locations":[{"start":{"line":89,"column":22},"end":{"line":89,"column":37}},{"start":{"line":89,"column":40},"end":{"line":89,"column":42}}],"line":89},"27":{"loc":{"start":{"line":90,"column":9},"end":{"line":90,"column":25}},"type":"binary-expr","locations":[{"start":{"line":90,"column":9},"end":{"line":90,"column":19}},{"start":{"line":90,"column":23},"end":{"line":90,"column":25}}],"line":90},"28":{"loc":{"start":{"line":91,"column":10},"end":{"line":91,"column":23}},"type":"binary-expr","locations":[{"start":{"line":91,"column":10},"end":{"line":91,"column":17}},{"start":{"line":91,"column":21},"end":{"line":91,"column":23}}],"line":91},"29":{"loc":{"start":{"line":92,"column":10},"end":{"line":92,"column":39}},"type":"cond-expr","locations":[{"start":{"line":92,"column":21},"end":{"line":92,"column":35}},{"start":{"line":92,"column":38},"end":{"line":92,"column":39}}],"line":92},"30":{"loc":{"start":{"line":93,"column":10},"end":{"line":93,"column":40}},"type":"cond-expr","locations":[{"start":{"line":93,"column":21},"end":{"line":93,"column":36}},{"start":{"line":93,"column":39},"end":{"line":93,"column":40}}],"line":93},"31":{"loc":{"start":{"line":96,"column":4},"end":{"line":100,"column":5}},"type":"if","locations":[{"start":{"line":96,"column":4},"end":{"line":100,"column":5}},{"start":{},"end":{}}],"line":96},"32":{"loc":{"start":{"line":98,"column":8},"end":{"line":98,"column":77}},"type":"if","locations":[{"start":{"line":98,"column":8},"end":{"line":98,"column":77}},{"start":{},"end":{}}],"line":98},"33":{"loc":{"start":{"line":102,"column":4},"end":{"line":102,"column":106}},"type":"if","locations":[{"start":{"line":102,"column":4},"end":{"line":102,"column":106}},{"start":{},"end":{}}],"line":102},"34":{"loc":{"start":{"line":111,"column":16},"end":{"line":111,"column":49}},"type":"cond-expr","locations":[{"start":{"line":111,"column":29},"end":{"line":111,"column":44}},{"start":{"line":111,"column":47},"end":{"line":111,"column":49}}],"line":111},"35":{"loc":{"start":{"line":120,"column":34},"end":{"line":120,"column":69}},"type":"cond-expr","locations":[{"start":{"line":120,"column":47},"end":{"line":120,"column":64}},{"start":{"line":120,"column":67},"end":{"line":120,"column":69}}],"line":120},"36":{"loc":{"start":{"line":124,"column":8},"end":{"line":124,"column":41}},"type":"if","locations":[{"start":{"line":124,"column":8},"end":{"line":124,"column":41}},{"start":{},"end":{}}],"line":124},"37":{"loc":{"start":{"line":130,"column":24},"end":{"line":130,"column":107}},"type":"cond-expr","locations":[{"start":{"line":130,"column":33},"end":{"line":130,"column":95}},{"start":{"line":130,"column":98},"end":{"line":130,"column":107}}],"line":130},"38":{"loc":{"start":{"line":136,"column":4},"end":{"line":136,"column":57}},"type":"if","locations":[{"start":{"line":136,"column":4},"end":{"line":136,"column":57}},{"start":{},"end":{}}],"line":136},"39":{"loc":{"start":{"line":136,"column":8},"end":{"line":136,"column":45}},"type":"binary-expr","locations":[{"start":{"line":136,"column":8},"end":{"line":136,"column":11}},{"start":{"line":136,"column":15},"end":{"line":136,"column":45}}],"line":136},"40":{"loc":{"start":{"line":137,"column":4},"end":{"line":137,"column":34}},"type":"if","locations":[{"start":{"line":137,"column":4},"end":{"line":137,"column":34}},{"start":{},"end":{}}],"line":137},"41":{"loc":{"start":{"line":139,"column":4},"end":{"line":139,"column":84}},"type":"if","locations":[{"start":{"line":139,"column":4},"end":{"line":139,"column":84}},{"start":{},"end":{}}],"line":139},"42":{"loc":{"start":{"line":144,"column":4},"end":{"line":144,"column":57}},"type":"if","locations":[{"start":{"line":144,"column":4},"end":{"line":144,"column":57}},{"start":{},"end":{}}],"line":144},"43":{"loc":{"start":{"line":144,"column":8},"end":{"line":144,"column":45}},"type":"binary-expr","locations":[{"start":{"line":144,"column":8},"end":{"line":144,"column":11}},{"start":{"line":144,"column":15},"end":{"line":144,"column":45}}],"line":144},"44":{"loc":{"start":{"line":145,"column":16},"end":{"line":145,"column":52}},"type":"binary-expr","locations":[{"start":{"line":145,"column":16},"end":{"line":145,"column":28}},{"start":{"line":145,"column":32},"end":{"line":145,"column":46}},{"start":{"line":145,"column":50},"end":{"line":145,"column":52}}],"line":145},"45":{"loc":{"start":{"line":146,"column":19},"end":{"line":146,"column":71}},"type":"cond-expr","locations":[{"start":{"line":146,"column":54},"end":{"line":146,"column":66}},{"start":{"line":146,"column":69},"end":{"line":146,"column":71}}],"line":146},"46":{"loc":{"start":{"line":149,"column":11},"end":{"line":149,"column":27}},"type":"binary-expr","locations":[{"start":{"line":149,"column":11},"end":{"line":149,"column":21}},{"start":{"line":149,"column":25},"end":{"line":149,"column":27}}],"line":149},"47":{"loc":{"start":{"line":150,"column":11},"end":{"line":150,"column":22}},"type":"binary-expr","locations":[{"start":{"line":150,"column":11},"end":{"line":150,"column":16}},{"start":{"line":150,"column":20},"end":{"line":150,"column":22}}],"line":150},"48":{"loc":{"start":{"line":153,"column":11},"end":{"line":153,"column":73}},"type":"binary-expr","locations":[{"start":{"line":153,"column":11},"end":{"line":153,"column":26}},{"start":{"line":153,"column":31},"end":{"line":153,"column":60}},{"start":{"line":153,"column":64},"end":{"line":153,"column":66}},{"start":{"line":153,"column":71},"end":{"line":153,"column":73}}],"line":153},"49":{"loc":{"start":{"line":154,"column":11},"end":{"line":154,"column":67}},"type":"binary-expr","locations":[{"start":{"line":154,"column":11},"end":{"line":154,"column":26}},{"start":{"line":154,"column":31},"end":{"line":154,"column":54}},{"start":{"line":154,"column":58},"end":{"line":154,"column":60}},{"start":{"line":154,"column":65},"end":{"line":154,"column":67}}],"line":154},"50":{"loc":{"start":{"line":155,"column":11},"end":{"line":155,"column":67}},"type":"binary-expr","locations":[{"start":{"line":155,"column":11},"end":{"line":155,"column":26}},{"start":{"line":155,"column":31},"end":{"line":155,"column":54}},{"start":{"line":155,"column":58},"end":{"line":155,"column":60}},{"start":{"line":155,"column":65},"end":{"line":155,"column":67}}],"line":155},"51":{"loc":{"start":{"line":156,"column":11},"end":{"line":156,"column":67}},"type":"binary-expr","locations":[{"start":{"line":156,"column":11},"end":{"line":156,"column":26}},{"start":{"line":156,"column":31},"end":{"line":156,"column":54}},{"start":{"line":156,"column":58},"end":{"line":156,"column":60}},{"start":{"line":156,"column":65},"end":{"line":156,"column":67}}],"line":156},"52":{"loc":{"start":{"line":157,"column":11},"end":{"line":157,"column":67}},"type":"binary-expr","locations":[{"start":{"line":157,"column":11},"end":{"line":157,"column":26}},{"start":{"line":157,"column":31},"end":{"line":157,"column":54}},{"start":{"line":157,"column":58},"end":{"line":157,"column":60}},{"start":{"line":157,"column":65},"end":{"line":157,"column":67}}],"line":157},"53":{"loc":{"start":{"line":162,"column":4},"end":{"line":162,"column":38}},"type":"if","locations":[{"start":{"line":162,"column":4},"end":{"line":162,"column":38}},{"start":{},"end":{}}],"line":162},"54":{"loc":{"start":{"line":162,"column":8},"end":{"line":162,"column":26}},"type":"binary-expr","locations":[{"start":{"line":162,"column":8},"end":{"line":162,"column":11}},{"start":{"line":162,"column":15},"end":{"line":162,"column":26}}],"line":162},"55":{"loc":{"start":{"line":163,"column":11},"end":{"line":163,"column":124}},"type":"binary-expr","locations":[{"start":{"line":163,"column":11},"end":{"line":163,"column":118}},{"start":{"line":163,"column":122},"end":{"line":163,"column":124}}],"line":163},"56":{"loc":{"start":{"line":168,"column":14},"end":{"line":168,"column":47}},"type":"cond-expr","locations":[{"start":{"line":168,"column":27},"end":{"line":168,"column":42}},{"start":{"line":168,"column":45},"end":{"line":168,"column":47}}],"line":168},"57":{"loc":{"start":{"line":169,"column":16},"end":{"line":169,"column":37}},"type":"binary-expr","locations":[{"start":{"line":169,"column":16},"end":{"line":169,"column":31}},{"start":{"line":169,"column":35},"end":{"line":169,"column":37}}],"line":169},"58":{"loc":{"start":{"line":172,"column":8},"end":{"line":174,"column":9}},"type":"if","locations":[{"start":{"line":172,"column":8},"end":{"line":174,"column":9}},{"start":{},"end":{}}],"line":172},"59":{"loc":{"start":{"line":189,"column":18},"end":{"line":189,"column":76}},"type":"binary-expr","locations":[{"start":{"line":189,"column":19},"end":{"line":189,"column":36}},{"start":{"line":189,"column":40},"end":{"line":189,"column":70}},{"start":{"line":189,"column":75},"end":{"line":189,"column":76}}],"line":189},"60":{"loc":{"start":{"line":193,"column":8},"end":{"line":196,"column":9}},"type":"if","locations":[{"start":{"line":193,"column":8},"end":{"line":196,"column":9}},{"start":{},"end":{}}],"line":193},"61":{"loc":{"start":{"line":193,"column":12},"end":{"line":193,"column":53}},"type":"binary-expr","locations":[{"start":{"line":193,"column":12},"end":{"line":193,"column":27}},{"start":{"line":193,"column":31},"end":{"line":193,"column":53}}],"line":193},"62":{"loc":{"start":{"line":199,"column":16},"end":{"line":199,"column":46}},"type":"cond-expr","locations":[{"start":{"line":199,"column":37},"end":{"line":199,"column":40}},{"start":{"line":199,"column":43},"end":{"line":199,"column":46}}],"line":199},"63":{"loc":{"start":{"line":200,"column":6},"end":{"line":208,"column":7}},"type":"if","locations":[{"start":{"line":200,"column":6},"end":{"line":208,"column":7}},{"start":{},"end":{}}],"line":200},"64":{"loc":{"start":{"line":200,"column":10},"end":{"line":200,"column":48}},"type":"binary-expr","locations":[{"start":{"line":200,"column":10},"end":{"line":200,"column":23}},{"start":{"line":200,"column":27},"end":{"line":200,"column":48}}],"line":200},"65":{"loc":{"start":{"line":204,"column":8},"end":{"line":207,"column":9}},"type":"if","locations":[{"start":{"line":204,"column":8},"end":{"line":207,"column":9}},{"start":{},"end":{}}],"line":204},"66":{"loc":{"start":{"line":215,"column":6},"end":{"line":218,"column":7}},"type":"if","locations":[{"start":{"line":215,"column":6},"end":{"line":218,"column":7}},{"start":{},"end":{}}],"line":215},"67":{"loc":{"start":{"line":228,"column":8},"end":{"line":231,"column":9}},"type":"if","locations":[{"start":{"line":228,"column":8},"end":{"line":231,"column":9}},{"start":{},"end":{}}],"line":228},"68":{"loc":{"start":{"line":239,"column":13},"end":{"line":239,"column":29}},"type":"binary-expr","locations":[{"start":{"line":239,"column":13},"end":{"line":239,"column":23}},{"start":{"line":239,"column":27},"end":{"line":239,"column":29}}],"line":239},"69":{"loc":{"start":{"line":239,"column":36},"end":{"line":239,"column":53}},"type":"binary-expr","locations":[{"start":{"line":239,"column":36},"end":{"line":239,"column":47}},{"start":{"line":239,"column":51},"end":{"line":239,"column":53}}],"line":239},"70":{"loc":{"start":{"line":240,"column":12},"end":{"line":240,"column":26}},"type":"binary-expr","locations":[{"start":{"line":240,"column":12},"end":{"line":240,"column":21}},{"start":{"line":240,"column":25},"end":{"line":240,"column":26}}],"line":240},"71":{"loc":{"start":{"line":240,"column":33},"end":{"line":240,"column":46}},"type":"binary-expr","locations":[{"start":{"line":240,"column":33},"end":{"line":240,"column":41}},{"start":{"line":240,"column":45},"end":{"line":240,"column":46}}],"line":240},"72":{"loc":{"start":{"line":241,"column":13},"end":{"line":241,"column":75}},"type":"cond-expr","locations":[{"start":{"line":241,"column":42},"end":{"line":241,"column":70}},{"start":{"line":241,"column":73},"end":{"line":241,"column":75}}],"line":241},"73":{"loc":{"start":{"line":241,"column":13},"end":{"line":241,"column":39}},"type":"binary-expr","locations":[{"start":{"line":241,"column":13},"end":{"line":241,"column":21}},{"start":{"line":241,"column":25},"end":{"line":241,"column":39}}],"line":241},"74":{"loc":{"start":{"line":245,"column":16},"end":{"line":245,"column":92}},"type":"cond-expr","locations":[{"start":{"line":245,"column":29},"end":{"line":245,"column":67}},{"start":{"line":245,"column":71},"end":{"line":245,"column":92}}],"line":245},"75":{"loc":{"start":{"line":245,"column":29},"end":{"line":245,"column":67}},"type":"binary-expr","locations":[{"start":{"line":245,"column":29},"end":{"line":245,"column":46}},{"start":{"line":245,"column":50},"end":{"line":245,"column":67}}],"line":245},"76":{"loc":{"start":{"line":246,"column":43},"end":{"line":246,"column":108}},"type":"cond-expr","locations":[{"start":{"line":246,"column":74},"end":{"line":246,"column":103}},{"start":{"line":246,"column":106},"end":{"line":246,"column":108}}],"line":246},"77":{"loc":{"start":{"line":246,"column":43},"end":{"line":246,"column":71}},"type":"binary-expr","locations":[{"start":{"line":246,"column":43},"end":{"line":246,"column":52}},{"start":{"line":246,"column":56},"end":{"line":246,"column":71}}],"line":246},"78":{"loc":{"start":{"line":267,"column":6},"end":{"line":273,"column":7}},"type":"if","locations":[{"start":{"line":267,"column":6},"end":{"line":273,"column":7}},{"start":{},"end":{}}],"line":267},"79":{"loc":{"start":{"line":274,"column":6},"end":{"line":282,"column":7}},"type":"if","locations":[{"start":{"line":274,"column":6},"end":{"line":282,"column":7}},{"start":{},"end":{}}],"line":274},"80":{"loc":{"start":{"line":274,"column":10},"end":{"line":274,"column":40}},"type":"binary-expr","locations":[{"start":{"line":274,"column":10},"end":{"line":274,"column":19}},{"start":{"line":274,"column":23},"end":{"line":274,"column":40}}],"line":274},"81":{"loc":{"start":{"line":276,"column":8},"end":{"line":281,"column":9}},"type":"if","locations":[{"start":{"line":276,"column":8},"end":{"line":281,"column":9}},{"start":{},"end":{}}],"line":276},"82":{"loc":{"start":{"line":277,"column":29},"end":{"line":277,"column":73}},"type":"binary-expr","locations":[{"start":{"line":277,"column":29},"end":{"line":277,"column":67}},{"start":{"line":277,"column":71},"end":{"line":277,"column":73}}],"line":277},"83":{"loc":{"start":{"line":278,"column":10},"end":{"line":280,"column":11}},"type":"if","locations":[{"start":{"line":278,"column":10},"end":{"line":280,"column":11}},{"start":{},"end":{}}],"line":278},"84":{"loc":{"start":{"line":285,"column":17},"end":{"line":285,"column":44}},"type":"binary-expr","locations":[{"start":{"line":285,"column":17},"end":{"line":285,"column":38}},{"start":{"line":285,"column":42},"end":{"line":285,"column":44}}],"line":285},"85":{"loc":{"start":{"line":286,"column":32},"end":{"line":287,"column":65}},"type":"binary-expr","locations":[{"start":{"line":286,"column":32},"end":{"line":286,"column":43}},{"start":{"line":286,"column":47},"end":{"line":286,"column":62}},{"start":{"line":286,"column":66},"end":{"line":286,"column":82}},{"start":{"line":287,"column":8},"end":{"line":287,"column":26}},{"start":{"line":287,"column":30},"end":{"line":287,"column":46}},{"start":{"line":287,"column":50},"end":{"line":287,"column":65}}],"line":286},"86":{"loc":{"start":{"line":288,"column":6},"end":{"line":301,"column":7}},"type":"if","locations":[{"start":{"line":288,"column":6},"end":{"line":301,"column":7}},{"start":{},"end":{}}],"line":288},"87":{"loc":{"start":{"line":288,"column":10},"end":{"line":288,"column":73}},"type":"binary-expr","locations":[{"start":{"line":288,"column":10},"end":{"line":288,"column":28}},{"start":{"line":288,"column":32},"end":{"line":288,"column":49}},{"start":{"line":288,"column":53},"end":{"line":288,"column":73}}],"line":288},"88":{"loc":{"start":{"line":294,"column":10},"end":{"line":299,"column":11}},"type":"if","locations":[{"start":{"line":294,"column":10},"end":{"line":299,"column":11}},{"start":{},"end":{}}],"line":294},"89":{"loc":{"start":{"line":308,"column":14},"end":{"line":308,"column":41}},"type":"binary-expr","locations":[{"start":{"line":308,"column":14},"end":{"line":308,"column":23}},{"start":{"line":308,"column":27},"end":{"line":308,"column":41}}],"line":308},"90":{"loc":{"start":{"line":309,"column":6},"end":{"line":309,"column":40}},"type":"if","locations":[{"start":{"line":309,"column":6},"end":{"line":309,"column":40}},{"start":{},"end":{}}],"line":309},"91":{"loc":{"start":{"line":319,"column":14},"end":{"line":319,"column":76}},"type":"binary-expr","locations":[{"start":{"line":319,"column":14},"end":{"line":319,"column":23}},{"start":{"line":319,"column":27},"end":{"line":319,"column":44}},{"start":{"line":319,"column":48},"end":{"line":319,"column":76}}],"line":319},"92":{"loc":{"start":{"line":320,"column":6},"end":{"line":320,"column":21}},"type":"if","locations":[{"start":{"line":320,"column":6},"end":{"line":320,"column":21}},{"start":{},"end":{}}],"line":320},"93":{"loc":{"start":{"line":322,"column":6},"end":{"line":322,"column":80}},"type":"if","locations":[{"start":{"line":322,"column":6},"end":{"line":322,"column":80}},{"start":{},"end":{}}],"line":322},"94":{"loc":{"start":{"line":322,"column":10},"end":{"line":322,"column":71}},"type":"binary-expr","locations":[{"start":{"line":322,"column":10},"end":{"line":322,"column":15}},{"start":{"line":322,"column":19},"end":{"line":322,"column":34}},{"start":{"line":322,"column":38},"end":{"line":322,"column":71}}],"line":322},"95":{"loc":{"start":{"line":325,"column":10},"end":{"line":329,"column":11}},"type":"if","locations":[{"start":{"line":325,"column":10},"end":{"line":329,"column":11}},{"start":{},"end":{}}],"line":325},"96":{"loc":{"start":{"line":335,"column":4},"end":{"line":358,"column":5}},"type":"if","locations":[{"start":{"line":335,"column":4},"end":{"line":358,"column":5}},{"start":{},"end":{}}],"line":335},"97":{"loc":{"start":{"line":339,"column":8},"end":{"line":339,"column":26}},"type":"if","locations":[{"start":{"line":339,"column":8},"end":{"line":339,"column":26}},{"start":{},"end":{}}],"line":339},"98":{"loc":{"start":{"line":340,"column":16},"end":{"line":340,"column":144}},"type":"cond-expr","locations":[{"start":{"line":340,"column":61},"end":{"line":340,"column":67}},{"start":{"line":340,"column":70},"end":{"line":340,"column":144}}],"line":340},"99":{"loc":{"start":{"line":340,"column":16},"end":{"line":340,"column":58}},"type":"binary-expr","locations":[{"start":{"line":340,"column":16},"end":{"line":340,"column":28}},{"start":{"line":340,"column":32},"end":{"line":340,"column":43}},{"start":{"line":340,"column":47},"end":{"line":340,"column":58}}],"line":340},"100":{"loc":{"start":{"line":340,"column":70},"end":{"line":340,"column":144}},"type":"cond-expr","locations":[{"start":{"line":340,"column":116},"end":{"line":340,"column":135}},{"start":{"line":340,"column":138},"end":{"line":340,"column":144}}],"line":340},"101":{"loc":{"start":{"line":340,"column":70},"end":{"line":340,"column":113}},"type":"binary-expr","locations":[{"start":{"line":340,"column":70},"end":{"line":340,"column":82}},{"start":{"line":340,"column":86},"end":{"line":340,"column":98}},{"start":{"line":340,"column":102},"end":{"line":340,"column":113}}],"line":340},"102":{"loc":{"start":{"line":347,"column":44},"end":{"line":347,"column":84}},"type":"if","locations":[{"start":{"line":347,"column":44},"end":{"line":347,"column":84}},{"start":{},"end":{}}],"line":347},"103":{"loc":{"start":{"line":352,"column":12},"end":{"line":352,"column":41}},"type":"if","locations":[{"start":{"line":352,"column":12},"end":{"line":352,"column":41}},{"start":{},"end":{}}],"line":352},"104":{"loc":{"start":{"line":357,"column":59},"end":{"line":357,"column":110}},"type":"if","locations":[{"start":{"line":357,"column":59},"end":{"line":357,"column":110}},{"start":{},"end":{}}],"line":357},"105":{"loc":{"start":{"line":362,"column":16},"end":{"line":362,"column":49}},"type":"cond-expr","locations":[{"start":{"line":362,"column":29},"end":{"line":362,"column":44}},{"start":{"line":362,"column":47},"end":{"line":362,"column":49}}],"line":362},"106":{"loc":{"start":{"line":363,"column":6},"end":{"line":377,"column":7}},"type":"if","locations":[{"start":{"line":363,"column":6},"end":{"line":377,"column":7}},{"start":{},"end":{}}],"line":363},"107":{"loc":{"start":{"line":367,"column":8},"end":{"line":370,"column":9}},"type":"if","locations":[{"start":{"line":367,"column":8},"end":{"line":370,"column":9}},{"start":{},"end":{}}],"line":367},"108":{"loc":{"start":{"line":367,"column":12},"end":{"line":367,"column":31}},"type":"binary-expr","locations":[{"start":{"line":367,"column":12},"end":{"line":367,"column":18}},{"start":{"line":367,"column":22},"end":{"line":367,"column":31}}],"line":367},"109":{"loc":{"start":{"line":379,"column":4},"end":{"line":384,"column":5}},"type":"if","locations":[{"start":{"line":379,"column":4},"end":{"line":384,"column":5}},{"start":{},"end":{}}],"line":379},"110":{"loc":{"start":{"line":382,"column":8},"end":{"line":382,"column":112}},"type":"if","locations":[{"start":{"line":382,"column":8},"end":{"line":382,"column":112}},{"start":{},"end":{}}],"line":382},"111":{"loc":{"start":{"line":399,"column":2},"end":{"line":403,"column":3}},"type":"if","locations":[{"start":{"line":399,"column":2},"end":{"line":403,"column":3}},{"start":{"line":401,"column":9},"end":{"line":403,"column":3}}],"line":399},"112":{"loc":{"start":{"line":408,"column":6},"end":{"line":408,"column":72}},"type":"if","locations":[{"start":{"line":408,"column":6},"end":{"line":408,"column":72}},{"start":{},"end":{}}],"line":408},"113":{"loc":{"start":{"line":408,"column":10},"end":{"line":408,"column":63}},"type":"binary-expr","locations":[{"start":{"line":408,"column":10},"end":{"line":408,"column":34}},{"start":{"line":408,"column":38},"end":{"line":408,"column":43}},{"start":{"line":408,"column":47},"end":{"line":408,"column":63}}],"line":408},"114":{"loc":{"start":{"line":409,"column":38},"end":{"line":409,"column":49}},"type":"binary-expr","locations":[{"start":{"line":409,"column":38},"end":{"line":409,"column":43}},{"start":{"line":409,"column":47},"end":{"line":409,"column":49}}],"line":409},"115":{"loc":{"start":{"line":412,"column":48},"end":{"line":412,"column":60}},"type":"binary-expr","locations":[{"start":{"line":412,"column":48},"end":{"line":412,"column":54}},{"start":{"line":412,"column":58},"end":{"line":412,"column":60}}],"line":412}},"s":{"0":27,"1":27,"2":27,"3":27,"4":1,"5":26,"6":26,"7":26,"8":2,"9":122,"10":122,"11":4,"12":24,"13":0,"14":24,"15":2,"16":65,"17":65,"18":66,"19":66,"20":0,"21":42,"22":0,"23":42,"24":1302,"25":1302,"26":22,"27":22,"28":22,"29":21,"30":21,"31":22,"32":22,"33":22,"34":22,"35":22,"36":22,"37":14,"38":3,"39":11,"40":11,"41":11,"42":11,"43":11,"44":11,"45":11,"46":0,"47":0,"48":0,"49":0,"50":0,"51":0,"52":38,"53":1,"54":37,"55":0,"56":37,"57":37,"58":15,"59":30,"60":30,"61":37,"62":37,"63":1,"64":1,"65":1,"66":22,"67":22,"68":22,"69":22,"70":22,"71":22,"72":22,"73":22,"74":22,"75":22,"76":22,"77":22,"78":22,"79":110,"80":110,"81":0,"82":22,"83":22,"84":0,"85":0,"86":0,"87":0,"88":0,"89":0,"90":0,"91":0,"92":0,"93":0,"94":0,"95":0,"96":0,"97":0,"98":0,"99":0,"100":22,"101":22,"102":22,"103":22,"104":0,"105":0,"106":0,"107":22,"108":22,"109":22,"110":22,"111":22,"112":22,"113":0,"114":0,"115":0,"116":0,"117":0,"118":0,"119":0,"120":0,"121":0,"122":0,"123":0,"124":0,"125":0,"126":0,"127":0,"128":0,"129":0,"130":0,"131":0,"132":0,"133":0,"134":22,"135":0,"136":0,"137":0,"138":22,"139":22,"140":0,"141":0,"142":0,"143":22,"144":22,"145":0,"146":22,"147":0,"148":0,"149":22,"150":22,"151":0,"152":0,"153":0,"154":0,"155":0,"156":0,"157":0,"158":0,"159":0,"160":0,"161":0,"162":0,"163":0,"164":0,"165":0,"166":0,"167":0,"168":0,"169":0,"170":0,"171":0,"172":0,"173":0,"174":0,"175":0,"176":0,"177":0,"178":0,"179":0,"180":0,"181":0,"182":0,"183":0,"184":0,"185":0,"186":0,"187":0,"188":0,"189":0,"190":0,"191":0,"192":0,"193":0,"194":22,"195":22,"196":0,"197":0,"198":0,"199":22,"200":0,"201":22,"202":0,"203":0,"204":0,"205":0,"206":22,"207":0,"208":0,"209":0,"210":0,"211":0,"212":0,"213":0,"214":0,"215":0,"216":0,"217":0,"218":0,"219":22,"220":0,"221":0,"222":0,"223":0,"224":0,"225":0,"226":0,"227":0,"228":0,"229":0,"230":0,"231":0,"232":0,"233":0,"234":0,"235":0,"236":0,"237":0,"238":0,"239":0,"240":0,"241":0,"242":0,"243":0,"244":0,"245":0,"246":0,"247":22,"248":0,"249":0,"250":0,"251":0,"252":0,"253":0,"254":0,"255":0,"256":0,"257":0,"258":0,"259":0,"260":0,"261":0,"262":0,"263":0,"264":0,"265":0,"266":22,"267":22,"268":44,"269":44,"270":44,"271":0,"272":0,"273":0,"274":22,"275":0,"276":22,"277":0,"278":22,"279":22,"280":22,"281":22,"282":22,"283":0,"284":22,"285":22,"286":16,"287":2,"288":14,"289":2,"290":2,"291":2,"292":2,"293":2,"294":2,"295":2,"296":2,"297":2,"298":22},"f":{"0":27,"1":122,"2":4,"3":65,"4":66,"5":42,"6":1302,"7":22,"8":14,"9":0,"10":38,"11":22,"12":22,"13":22,"14":0,"15":0,"16":0,"17":22,"18":22,"19":0,"20":0,"21":0,"22":22,"23":0,"24":0,"25":0,"26":0,"27":0,"28":0,"29":0,"30":0,"31":0,"32":0,"33":0,"34":0,"35":0,"36":0,"37":0,"38":0,"39":0,"40":0,"41":0,"42":0,"43":0,"44":0,"45":0,"46":44,"47":0,"48":0,"49":0,"50":16,"51":2,"52":2,"53":0,"54":2},"b":{"0":[27,0,27],"1":[1,26],"2":[26,0,26,0],"3":[26,0],"4":[2,24],"5":[26,25],"6":[25,0],"7":[122,118],"8":[3,119],"9":[0,24],"10":[24,0],"11":[2,22],"12":[24,23],"13":[0,42],"14":[42,42],"15":[1260,42],"16":[21,1],"17":[22,21],"18":[1,21],"19":[22,1],"20":[3,11],"21":[11,0],"22":[0,0],"23":[1,37],"24":[38,37],"25":[0,37],"26":[37,0],"27":[37,37],"28":[37,37],"29":[37,0],"30":[37,0],"31":[15,22],"32":[30,0],"33":[1,36],"34":[22,0],"35":[22,0],"36":[0,110],"37":[0,22],"38":[0,0],"39":[0,0],"40":[0,0],"41":[0,0],"42":[0,0],"43":[0,0],"44":[0,0,0],"45":[0,0],"46":[0,0],"47":[0,0],"48":[0,0,0,0],"49":[0,0,0,0],"50":[0,0,0,0],"51":[0,0,0,0],"52":[0,0,0,0],"53":[0,0],"54":[0,0],"55":[0,0],"56":[22,0],"57":[22,22],"58":[0,0],"59":[0,0,0],"60":[0,0],"61":[0,0],"62":[0,0],"63":[0,0],"64":[0,0],"65":[0,0],"66":[0,0],"67":[0,0],"68":[0,0],"69":[0,0],"70":[0,0],"71":[0,0],"72":[0,0],"73":[0,0],"74":[0,0],"75":[0,0],"76":[0,0],"77":[0,0],"78":[0,0],"79":[0,0],"80":[0,0],"81":[0,0],"82":[0,0],"83":[0,0],"84":[0,0],"85":[0,0,0,0,0,0],"86":[0,0],"87":[0,0,0],"88":[0,0],"89":[0,0],"90":[0,0],"91":[0,0,0],"92":[0,0],"93":[0,0],"94":[0,0,0],"95":[0,0],"96":[0,22],"97":[0,0],"98":[0,0],"99":[0,0,0],"100":[0,0],"101":[0,0,0],"102":[0,0],"103":[0,0],"104":[0,0],"105":[0,0],"106":[0,0],"107":[0,0],"108":[0,0],"109":[22,0],"110":[44,0],"111":[0,22],"112":[2,14],"113":[16,16,15],"114":[14,12],"115":[2,1]},"_coverageSchema":"1a1c01bbd47fc00a2c39e90264f33305004495a9","hash":"5c570ca2335535fb7e1c49675c0ca984f0b5e16f"}
}
