TN:
SF:src\eye.js
FN:6,(anonymous_0)
FN:21,getCookie
FN:25,setCookie
FN:34,store
FN:35,load
FN:38,uuid
FN:40,(anonymous_6)
FN:50,initIds
FN:63,flush
FN:75,(anonymous_9)
FN:84,enqueue
FN:105,startFlushTimer
FN:118,parseUtm
FN:129,doPageview
FN:135,selectorOf
FN:143,targetMeta
FN:161,resolveClickableTarget
FN:167,matchPipelines
FN:180,init
FN:186,(anonymous_19)
FN:202,(anonymous_20)
FN:214,(anonymous_21)
FN:225,startHeartbeat
FN:227,(anonymous_23)
FN:237,(anonymous_24)
FN:244,(anonymous_25)
FN:251,(anonymous_26)
FN:257,(anonymous_27)
FN:263,(anonymous_28)
FN:290,(anonymous_29)
FN:292,(anonymous_30)
FN:307,(anonymous_31)
FN:311,(anonymous_32)
FN:312,(anonymous_33)
FN:318,(anonymous_34)
FN:324,(anonymous_35)
FN:330,(anonymous_36)
FN:338,(anonymous_37)
FN:343,(anonymous_38)
FN:344,(anonymous_39)
FN:346,(anonymous_40)
FN:347,(anonymous_41)
FN:349,(anonymous_42)
FN:350,(anonymous_43)
FN:357,(anonymous_44)
FN:361,(anonymous_45)
FN:380,(anonymous_46)
FN:382,(anonymous_47)
FN:385,(anonymous_48)
FN:386,(anonymous_49)
FN:407,(anonymous_50)
FN:411,(anonymous_51)
FN:414,(anonymous_52)
FN:416,(anonymous_53)
FN:419,(anonymous_54)
FNF:55
FNH:21
FNDA:27,(anonymous_0)
FNDA:122,getCookie
FNDA:4,setCookie
FNDA:65,store
FNDA:66,load
FNDA:42,uuid
FNDA:1302,(anonymous_6)
FNDA:22,initIds
FNDA:14,flush
FNDA:0,(anonymous_9)
FNDA:38,enqueue
FNDA:22,startFlushTimer
FNDA:22,parseUtm
FNDA:22,doPageview
FNDA:0,selectorOf
FNDA:0,targetMeta
FNDA:0,resolveClickableTarget
FNDA:22,matchPipelines
FNDA:22,init
FNDA:0,(anonymous_19)
FNDA:0,(anonymous_20)
FNDA:0,(anonymous_21)
FNDA:22,startHeartbeat
FNDA:0,(anonymous_23)
FNDA:0,(anonymous_24)
FNDA:0,(anonymous_25)
FNDA:0,(anonymous_26)
FNDA:0,(anonymous_27)
FNDA:0,(anonymous_28)
FNDA:0,(anonymous_29)
FNDA:0,(anonymous_30)
FNDA:0,(anonymous_31)
FNDA:0,(anonymous_32)
FNDA:0,(anonymous_33)
FNDA:0,(anonymous_34)
FNDA:0,(anonymous_35)
FNDA:0,(anonymous_36)
FNDA:0,(anonymous_37)
FNDA:0,(anonymous_38)
FNDA:0,(anonymous_39)
FNDA:0,(anonymous_40)
FNDA:0,(anonymous_41)
FNDA:0,(anonymous_42)
FNDA:0,(anonymous_43)
FNDA:0,(anonymous_44)
FNDA:0,(anonymous_45)
FNDA:44,(anonymous_46)
FNDA:0,(anonymous_47)
FNDA:0,(anonymous_48)
FNDA:0,(anonymous_49)
FNDA:16,(anonymous_50)
FNDA:2,(anonymous_51)
FNDA:2,(anonymous_52)
FNDA:0,(anonymous_53)
FNDA:2,(anonymous_54)
DA:6,27
DA:10,27
DA:11,27
DA:12,27
DA:14,26
DA:15,26
DA:18,26
DA:22,122
DA:23,122
DA:26,4
DA:30,24
DA:31,24
DA:34,65
DA:35,66
DA:39,42
DA:40,42
DA:41,1302
DA:42,1302
DA:47,22
DA:51,22
DA:52,22
DA:53,22
DA:54,22
DA:55,22
DA:56,22
DA:60,22
DA:64,14
DA:65,11
DA:66,11
DA:67,11
DA:68,11
DA:69,11
DA:70,11
DA:71,11
DA:74,0
DA:75,0
DA:77,0
DA:78,0
DA:79,0
DA:80,0
DA:85,38
DA:86,37
DA:87,37
DA:96,37
DA:97,15
DA:98,30
DA:101,37
DA:102,37
DA:106,22
DA:110,22
DA:111,22
DA:112,22
DA:113,22
DA:114,22
DA:115,22
DA:116,22
DA:119,22
DA:120,22
DA:121,22
DA:122,22
DA:123,110
DA:124,110
DA:130,22
DA:131,22
DA:136,0
DA:137,0
DA:138,0
DA:139,0
DA:140,0
DA:144,0
DA:145,0
DA:146,0
DA:147,0
DA:162,0
DA:163,0
DA:168,22
DA:169,22
DA:170,22
DA:171,0
DA:172,0
DA:173,0
DA:181,22
DA:182,22
DA:183,22
DA:186,22
DA:187,0
DA:188,0
DA:189,0
DA:190,0
DA:191,0
DA:192,0
DA:193,0
DA:194,0
DA:195,0
DA:199,0
DA:200,0
DA:201,0
DA:202,0
DA:203,0
DA:204,0
DA:205,0
DA:206,0
DA:209,0
DA:210,0
DA:214,22
DA:215,0
DA:216,0
DA:217,0
DA:226,22
DA:227,22
DA:228,0
DA:229,0
DA:230,0
DA:234,22
DA:237,22
DA:238,0
DA:244,22
DA:245,0
DA:246,0
DA:250,22
DA:251,22
DA:252,0
DA:253,0
DA:254,0
DA:255,0
DA:256,0
DA:257,0
DA:258,0
DA:261,0
DA:263,0
DA:264,0
DA:265,0
DA:267,0
DA:268,0
DA:269,0
DA:270,0
DA:271,0
DA:272,0
DA:274,0
DA:275,0
DA:276,0
DA:277,0
DA:278,0
DA:279,0
DA:285,0
DA:286,0
DA:288,0
DA:289,0
DA:290,0
DA:291,0
DA:292,0
DA:293,0
DA:294,0
DA:295,0
DA:296,0
DA:297,0
DA:298,0
DA:302,0
DA:306,22
DA:307,22
DA:308,0
DA:309,0
DA:311,22
DA:312,22
DA:313,0
DA:314,0
DA:318,22
DA:319,0
DA:320,0
DA:321,0
DA:322,0
DA:323,0
DA:324,0
DA:325,0
DA:326,0
DA:327,0
DA:328,0
DA:335,22
DA:336,0
DA:337,0
DA:338,0
DA:339,0
DA:340,0
DA:341,0
DA:343,0
DA:344,0
DA:346,0
DA:347,0
DA:348,0
DA:349,0
DA:350,0
DA:351,0
DA:352,0
DA:356,0
DA:357,0
DA:361,22
DA:362,0
DA:363,0
DA:364,0
DA:365,0
DA:367,0
DA:368,0
DA:369,0
DA:371,0
DA:372,0
DA:373,0
DA:374,0
DA:375,0
DA:376,0
DA:379,22
DA:380,22
DA:381,44
DA:382,44
DA:385,22
DA:386,22
DA:388,22
DA:392,22
DA:393,22
DA:396,22
DA:399,22
DA:400,0
DA:402,22
DA:406,22
DA:408,16
DA:409,14
DA:412,2
DA:415,2
DA:416,2
DA:417,2
DA:420,2
DA:421,2
DA:427,22
LF:232
LH:102
BRDA:11,0,0,27
BRDA:11,0,1,0
BRDA:11,0,2,27
BRDA:12,1,0,1
BRDA:12,1,1,26
BRDA:14,2,0,26
BRDA:14,2,1,0
BRDA:14,2,2,26
BRDA:14,2,3,0
BRDA:15,3,0,26
BRDA:15,3,1,0
BRDA:18,4,0,2
BRDA:18,4,1,24
BRDA:18,5,0,26
BRDA:18,5,1,25
BRDA:18,6,0,25
BRDA:18,6,1,0
BRDA:22,7,0,122
BRDA:22,7,1,118
BRDA:23,8,0,3
BRDA:23,8,1,119
BRDA:30,9,0,0
BRDA:30,9,1,24
BRDA:30,10,0,24
BRDA:30,10,1,0
BRDA:31,11,0,2
BRDA:31,11,1,22
BRDA:31,12,0,24
BRDA:31,12,1,23
BRDA:39,13,0,0
BRDA:39,13,1,42
BRDA:39,14,0,42
BRDA:39,14,1,42
BRDA:42,15,0,1260
BRDA:42,15,1,42
BRDA:52,16,0,21
BRDA:52,16,1,1
BRDA:53,17,0,22
BRDA:53,17,1,21
BRDA:54,18,0,1
BRDA:54,18,1,21
BRDA:54,19,0,22
BRDA:54,19,1,1
BRDA:64,20,0,3
BRDA:64,20,1,11
BRDA:68,21,0,11
BRDA:68,21,1,0
BRDA:74,22,0,0
BRDA:74,22,1,0
BRDA:85,23,0,1
BRDA:85,23,1,37
BRDA:85,24,0,38
BRDA:85,24,1,37
BRDA:86,25,0,0
BRDA:86,25,1,37
BRDA:89,26,0,37
BRDA:89,26,1,0
BRDA:90,27,0,37
BRDA:90,27,1,37
BRDA:91,28,0,37
BRDA:91,28,1,37
BRDA:92,29,0,37
BRDA:92,29,1,0
BRDA:93,30,0,37
BRDA:93,30,1,0
BRDA:96,31,0,15
BRDA:96,31,1,22
BRDA:98,32,0,30
BRDA:98,32,1,0
BRDA:102,33,0,1
BRDA:102,33,1,36
BRDA:111,34,0,22
BRDA:111,34,1,0
BRDA:120,35,0,22
BRDA:120,35,1,0
BRDA:124,36,0,0
BRDA:124,36,1,110
BRDA:130,37,0,0
BRDA:130,37,1,22
BRDA:136,38,0,0
BRDA:136,38,1,0
BRDA:136,39,0,0
BRDA:136,39,1,0
BRDA:137,40,0,0
BRDA:137,40,1,0
BRDA:139,41,0,0
BRDA:139,41,1,0
BRDA:144,42,0,0
BRDA:144,42,1,0
BRDA:144,43,0,0
BRDA:144,43,1,0
BRDA:145,44,0,0
BRDA:145,44,1,0
BRDA:145,44,2,0
BRDA:146,45,0,0
BRDA:146,45,1,0
BRDA:149,46,0,0
BRDA:149,46,1,0
BRDA:150,47,0,0
BRDA:150,47,1,0
BRDA:153,48,0,0
BRDA:153,48,1,0
BRDA:153,48,2,0
BRDA:153,48,3,0
BRDA:154,49,0,0
BRDA:154,49,1,0
BRDA:154,49,2,0
BRDA:154,49,3,0
BRDA:155,50,0,0
BRDA:155,50,1,0
BRDA:155,50,2,0
BRDA:155,50,3,0
BRDA:156,51,0,0
BRDA:156,51,1,0
BRDA:156,51,2,0
BRDA:156,51,3,0
BRDA:157,52,0,0
BRDA:157,52,1,0
BRDA:157,52,2,0
BRDA:157,52,3,0
BRDA:162,53,0,0
BRDA:162,53,1,0
BRDA:162,54,0,0
BRDA:162,54,1,0
BRDA:163,55,0,0
BRDA:163,55,1,0
BRDA:168,56,0,22
BRDA:168,56,1,0
BRDA:169,57,0,22
BRDA:169,57,1,22
BRDA:172,58,0,0
BRDA:172,58,1,0
BRDA:189,59,0,0
BRDA:189,59,1,0
BRDA:189,59,2,0
BRDA:193,60,0,0
BRDA:193,60,1,0
BRDA:193,61,0,0
BRDA:193,61,1,0
BRDA:199,62,0,0
BRDA:199,62,1,0
BRDA:200,63,0,0
BRDA:200,63,1,0
BRDA:200,64,0,0
BRDA:200,64,1,0
BRDA:204,65,0,0
BRDA:204,65,1,0
BRDA:215,66,0,0
BRDA:215,66,1,0
BRDA:228,67,0,0
BRDA:228,67,1,0
BRDA:239,68,0,0
BRDA:239,68,1,0
BRDA:239,69,0,0
BRDA:239,69,1,0
BRDA:240,70,0,0
BRDA:240,70,1,0
BRDA:240,71,0,0
BRDA:240,71,1,0
BRDA:241,72,0,0
BRDA:241,72,1,0
BRDA:241,73,0,0
BRDA:241,73,1,0
BRDA:245,74,0,0
BRDA:245,74,1,0
BRDA:245,75,0,0
BRDA:245,75,1,0
BRDA:246,76,0,0
BRDA:246,76,1,0
BRDA:246,77,0,0
BRDA:246,77,1,0
BRDA:267,78,0,0
BRDA:267,78,1,0
BRDA:274,79,0,0
BRDA:274,79,1,0
BRDA:274,80,0,0
BRDA:274,80,1,0
BRDA:276,81,0,0
BRDA:276,81,1,0
BRDA:277,82,0,0
BRDA:277,82,1,0
BRDA:278,83,0,0
BRDA:278,83,1,0
BRDA:285,84,0,0
BRDA:285,84,1,0
BRDA:286,85,0,0
BRDA:286,85,1,0
BRDA:286,85,2,0
BRDA:286,85,3,0
BRDA:286,85,4,0
BRDA:286,85,5,0
BRDA:288,86,0,0
BRDA:288,86,1,0
BRDA:288,87,0,0
BRDA:288,87,1,0
BRDA:288,87,2,0
BRDA:294,88,0,0
BRDA:294,88,1,0
BRDA:308,89,0,0
BRDA:308,89,1,0
BRDA:309,90,0,0
BRDA:309,90,1,0
BRDA:319,91,0,0
BRDA:319,91,1,0
BRDA:319,91,2,0
BRDA:320,92,0,0
BRDA:320,92,1,0
BRDA:322,93,0,0
BRDA:322,93,1,0
BRDA:322,94,0,0
BRDA:322,94,1,0
BRDA:322,94,2,0
BRDA:325,95,0,0
BRDA:325,95,1,0
BRDA:335,96,0,0
BRDA:335,96,1,22
BRDA:339,97,0,0
BRDA:339,97,1,0
BRDA:340,98,0,0
BRDA:340,98,1,0
BRDA:340,99,0,0
BRDA:340,99,1,0
BRDA:340,99,2,0
BRDA:340,100,0,0
BRDA:340,100,1,0
BRDA:340,101,0,0
BRDA:340,101,1,0
BRDA:340,101,2,0
BRDA:347,102,0,0
BRDA:347,102,1,0
BRDA:352,103,0,0
BRDA:352,103,1,0
BRDA:357,104,0,0
BRDA:357,104,1,0
BRDA:362,105,0,0
BRDA:362,105,1,0
BRDA:363,106,0,0
BRDA:363,106,1,0
BRDA:367,107,0,0
BRDA:367,107,1,0
BRDA:367,108,0,0
BRDA:367,108,1,0
BRDA:379,109,0,22
BRDA:379,109,1,0
BRDA:382,110,0,44
BRDA:382,110,1,0
BRDA:399,111,0,0
BRDA:399,111,1,22
BRDA:408,112,0,2
BRDA:408,112,1,14
BRDA:408,113,0,16
BRDA:408,113,1,16
BRDA:408,113,2,15
BRDA:409,114,0,14
BRDA:409,114,1,12
BRDA:412,115,0,2
BRDA:412,115,1,1
BRF:257
BRH:75
end_of_record
